This is pdfTeX, Version 3.14159265-2.6-1.40.16 (TeX Live 2015) (preloaded format=pdflatex 2015.10.6)  25 NOV 2015 08:00
entering extended mode
 \write18 enabled.
 file:line:error style messages enabled.
 %&-line parsing enabled.
**neg_CMTL.tex
(./neg_CMTL.tex
LaTeX2e <2015/01/01>
Babel <3.9l> and hyphenation patterns for 79 languages loaded.
(/usr/local/texlive/2015/texmf-dist/tex/latex/seminar/seminar.cls
Document Class: seminar 2014/01/17, 1.61
Documentclass: `seminar' v1.61 <2014/01/17> (tvz,hv)
(/usr/local/texlive/2015/texmf-dist/tex/latex/pst-ovl/pst-ovl.sty
Package: pst-ovl 2014/01/02 v0.01 LaTeX wrapper for `pst-ovl' (HV)
File: pst-ovl.tex 2014/05/12 v0.06 overlay macros `pst-ovl' (HV)

(/usr/local/texlive/2015/texmf-dist/tex/generic/pst-ovl/pst-ovl.tex
(/usr/local/texlive/2015/texmf-dist/tex/generic/pstricks/pstricks.tex
(/usr/local/texlive/2015/texmf-dist/tex/generic/xkeyval/pst-xkey.tex
File: pst-xkey.tex 2005/11/25 v1.6 PSTricks specialization of xkeyval (HA)

(/usr/local/texlive/2015/texmf-dist/tex/latex/xkeyval/xkeyval.sty
Package: xkeyval 2014/12/03 v2.7a package option processing (HA)

(/usr/local/texlive/2015/texmf-dist/tex/generic/xkeyval/xkeyval.tex
(/usr/local/texlive/2015/texmf-dist/tex/generic/xkeyval/xkvutils.tex
\XKV@toks=\toks14
\XKV@tempa@toks=\toks15

(/usr/local/texlive/2015/texmf-dist/tex/generic/xkeyval/keyval.tex))
\XKV@depth=\count79
File: xkeyval.tex 2014/12/03 v2.7a key=value parser (HA)
)))
(/usr/local/texlive/2015/texmf-dist/tex/generic/pstricks/pst-fp.tex
`pst-fp' v0.05, 2010/01/17 (hv)
\pstFP@xs=\count80
\pstFP@xia=\count81
\pstFP@xib=\count82
\pstFP@xfa=\count83
\pstFP@xfb=\count84
\pstFP@rega=\count85
\pstFP@regb=\count86
\pstFP@regs=\count87
\pstFP@times=\count88
)
(/usr/local/texlive/2015/texmf-dist/tex/generic/pgf/utilities/pgfutil-common.te
x
\pgfutil@everybye=\toks16
\pgfutil@tempdima=\dimen102
\pgfutil@tempdimb=\dimen103

(/usr/local/texlive/2015/texmf-dist/tex/generic/pgf/utilities/pgfutil-common-li
sts.tex))
(/usr/local/texlive/2015/texmf-dist/tex/generic/pgf/utilities/pgfkeys.code.tex
\pgfkeys@pathtoks=\toks17
\pgfkeys@temptoks=\toks18

(/usr/local/texlive/2015/texmf-dist/tex/generic/pgf/utilities/pgfkeysfiltered.c
ode.tex
\pgfkeys@tmptoks=\toks19
))
(/usr/local/texlive/2015/texmf-dist/tex/generic/pgf/utilities/pgffor.code.tex
(/usr/local/texlive/2015/texmf-dist/tex/generic/pgf/math/pgfmath.code.tex
(/usr/local/texlive/2015/texmf-dist/tex/generic/pgf/math/pgfmathcalc.code.tex
(/usr/local/texlive/2015/texmf-dist/tex/generic/pgf/math/pgfmathutil.code.tex
Missing character: There is no 0 in font nullfont!
Missing character: There is no . in font nullfont!
Missing character: There is no 0 in font nullfont!
Missing character: There is no p in font nullfont!
Missing character: There is no t in font nullfont!
\pgf@x=\dimen104
Missing character: There is no 0 in font nullfont!
Missing character: There is no . in font nullfont!
Missing character: There is no 0 in font nullfont!
Missing character: There is no p in font nullfont!
Missing character: There is no t in font nullfont!
\pgf@xa=\dimen105
Missing character: There is no 0 in font nullfont!
Missing character: There is no . in font nullfont!
Missing character: There is no 0 in font nullfont!
Missing character: There is no p in font nullfont!
Missing character: There is no t in font nullfont!
\pgf@xb=\dimen106
Missing character: There is no 0 in font nullfont!
Missing character: There is no . in font nullfont!
Missing character: There is no 0 in font nullfont!
Missing character: There is no p in font nullfont!
Missing character: There is no t in font nullfont!
\pgf@xc=\dimen107
Missing character: There is no 0 in font nullfont!
Missing character: There is no . in font nullfont!
Missing character: There is no 0 in font nullfont!
Missing character: There is no p in font nullfont!
Missing character: There is no t in font nullfont!
\pgf@y=\dimen108
Missing character: There is no 0 in font nullfont!
Missing character: There is no . in font nullfont!
Missing character: There is no 0 in font nullfont!
Missing character: There is no p in font nullfont!
Missing character: There is no t in font nullfont!
\pgf@ya=\dimen109
Missing character: There is no 0 in font nullfont!
Missing character: There is no . in font nullfont!
Missing character: There is no 0 in font nullfont!
Missing character: There is no p in font nullfont!
Missing character: There is no t in font nullfont!
\pgf@yb=\dimen110
Missing character: There is no 0 in font nullfont!
Missing character: There is no . in font nullfont!
Missing character: There is no 0 in font nullfont!
Missing character: There is no p in font nullfont!
Missing character: There is no t in font nullfont!
\pgf@yc=\dimen111
Missing character: There is no 0 in font nullfont!
Missing character: There is no . in font nullfont!
Missing character: There is no 0 in font nullfont!
Missing character: There is no p in font nullfont!
Missing character: There is no t in font nullfont!
\c@pgf@counta=\count89
Missing character: There is no 0 in font nullfont!
Missing character: There is no . in font nullfont!
Missing character: There is no 0 in font nullfont!
Missing character: There is no p in font nullfont!
Missing character: There is no t in font nullfont!
\c@pgf@countb=\count90
Missing character: There is no 0 in font nullfont!
Missing character: There is no . in font nullfont!
Missing character: There is no 0 in font nullfont!
Missing character: There is no p in font nullfont!
Missing character: There is no t in font nullfont!
\c@pgf@countc=\count91
Missing character: There is no 0 in font nullfont!
Missing character: There is no . in font nullfont!
Missing character: There is no 0 in font nullfont!
Missing character: There is no p in font nullfont!
Missing character: There is no t in font nullfont!
\c@pgf@countd=\count92
Missing character: There is no 0 in font nullfont!
Missing character: There is no . in font nullfont!
Missing character: There is no 0 in font nullfont!
Missing character: There is no p in font nullfont!
Missing character: There is no t in font nullfont!
\pgfutil@tempcnta=\count93
Missing character: There is no 0 in font nullfont!
Missing character: There is no . in font nullfont!
Missing character: There is no 0 in font nullfont!
Missing character: There is no p in font nullfont!
Missing character: There is no t in font nullfont!
\pgfutil@tempcntb=\count94
)
(/usr/local/texlive/2015/texmf-dist/tex/generic/pgf/math/pgfmathparser.code.tex
\pgfmath@dimen=\dimen112
\pgfmath@count=\count95
\pgfmath@box=\box26
\pgfmath@toks=\toks20
\pgfmath@stack@operand=\toks21
\pgfmath@stack@operation=\toks22
)
(/usr/local/texlive/2015/texmf-dist/tex/generic/pgf/math/pgfmathfunctions.code.
tex
(/usr/local/texlive/2015/texmf-dist/tex/generic/pgf/math/pgfmathfunctions.basic
.code.tex)
(/usr/local/texlive/2015/texmf-dist/tex/generic/pgf/math/pgfmathfunctions.trigo
nometric.code.tex)
(/usr/local/texlive/2015/texmf-dist/tex/generic/pgf/math/pgfmathfunctions.rando
m.code.tex)
(/usr/local/texlive/2015/texmf-dist/tex/generic/pgf/math/pgfmathfunctions.compa
rison.code.tex)
(/usr/local/texlive/2015/texmf-dist/tex/generic/pgf/math/pgfmathfunctions.base.
code.tex)
(/usr/local/texlive/2015/texmf-dist/tex/generic/pgf/math/pgfmathfunctions.round
.code.tex)
(/usr/local/texlive/2015/texmf-dist/tex/generic/pgf/math/pgfmathfunctions.misc.
code.tex)
(/usr/local/texlive/2015/texmf-dist/tex/generic/pgf/math/pgfmathfunctions.integ
erarithmetics.code.tex)))
(/usr/local/texlive/2015/texmf-dist/tex/generic/pgf/math/pgfmathfloat.code.tex
\c@pgfmathroundto@lastzeros=\count96
))
\pgffor@iter=\dimen113
\pgffor@skip=\dimen114
\pgffor@stack=\toks23
\pgffor@toks=\toks24
)
\psLoopIndex=\count97

`PSTricks' v2.60  <2014/10/25> (tvz)
\pst@dima=\dimen115
\pst@dimb=\dimen116
\pst@dimc=\dimen117
\pst@dimd=\dimen118
\pst@dimg=\dimen119
\pst@dimh=\dimen120
\pst@dimm=\dimen121
\pst@dimn=\dimen122
\pst@dimo=\dimen123
\pst@dimp=\dimen124
\pst@hbox=\box27
\pst@ibox=\box28
\pst@boxg=\box29
\pst@cnta=\count98
\pst@cntb=\count99
\pst@cntc=\count100
\pst@cntd=\count101
\pst@cntg=\count102
\pst@cnth=\count103
\pst@cntm=\count104
\pst@cntn=\count105
\pst@cnto=\count106
\pst@cntp=\count107
\@zero=\count108
\pst@toks=\toks25
(/usr/local/texlive/2015/texmf-dist/tex/generic/pstricks/pstricks.con)
\psunit=\dimen125
\psxunit=\dimen126
\psyunit=\dimen127
\pst@C@@rType=\count109
\pslinewidth=\dimen128
\psk@startLW=\dimen129
\psk@endLW=\dimen130
\pst@customdefs=\toks26
\pslinearc=\dimen131
\pst@symbolStep=\dimen132
\pst@symbolWidth=\dimen133
\pst@symbolLinewidth=\dimen134
\everypsbox=\toks27
\psframesep=\dimen135
\pslabelsep=\dimen136
\sh@wgridXunit=\dimen137
\sh@wgridYunit=\dimen138
\pst@shift=\dimen139
)
`pst-ovl' v0.06, 2014/05/12 (tvz,hv)
\theoverlaybox=\box30
))
\slidewidth=\dimen140
\slideheight=\dimen141
\footheight=\dimen142

(/usr/local/texlive/2015/texmf-dist/tex/latex/base/article.cls
Document Class: article 2014/09/29 v1.4h Standard LaTeX document class
(/usr/local/texlive/2015/texmf-dist/tex/latex/base/fleqn.clo
File: fleqn.clo 2015/03/31 v1.1i Standard LaTeX option (flush left equations)
\mathindent=\dimen143
Applying: [2015/01/01] Make \[ robust on input line 50.
LaTeX Info: Redefining \[ on input line 51.
Already applied: [0000/00/00] Make \[ robust on input line 62.
Applying: [2015/01/01] Make \] robust on input line 74.
LaTeX Info: Redefining \] on input line 75.
Already applied: [0000/00/00] Make \] robust on input line 83.
)
(/usr/local/texlive/2015/texmf-dist/tex/latex/base/size12.clo
File: size12.clo 2014/09/29 v1.4h Standard LaTeX file (size option)
)
\c@part=\count110
\c@section=\count111
\c@subsection=\count112
\c@subsubsection=\count113
\c@paragraph=\count114
\c@subparagraph=\count115
\c@figure=\count116
\c@table=\count117
\abovecaptionskip=\skip41
\belowcaptionskip=\skip42
\bibindent=\dimen144
)
(/usr/local/texlive/2015/texmf-dist/tex/latex/seminar/sem-page.sty)
\before@document=\toks28
\after@document=\toks29
\before@enddocument=\toks30
\c@slide=\count118
\slide@count=\count119
\@slidebox=\box31
\not@slidebox=\box32
\slide@hook=\toks31
\after@slide=\toks32
\slide@footins=\insert233
\slide@listdepth=\count120
\saved@specials=\box33
\before@newslide=\toks33
\after@slidepage=\toks34
\slidesep=\skip43
\c@note=\count121
\slideframewidth=\dimen145
\slideframesep=\dimen146
\semin=\dimen147
\semcm=\dimen148
)
(/usr/local/texlive/2015/texmf-dist/tex/latex/seminar/seminar.bug)
(/usr/local/texlive/2015/texmf-dist/tex/generic/oberdiek/ifpdf.sty
Package: ifpdf 2011/01/30 v2.3 Provides the ifpdf switch (HO)
Package ifpdf Info: pdfTeX in PDF mode is detected.
)
(/usr/local/texlive/2015/texmf-dist/tex/latex/tools/bm.sty
Package: bm 2014/10/28 v1.1c Bold Symbol Support (DPC/FMi)
\symboldoperators=\mathgroup4
\symboldletters=\mathgroup5
\symboldsymbols=\mathgroup6
LaTeX Font Info:    Redeclaring math alphabet \mathbf on input line 141.
LaTeX Info: Redefining \bm on input line 207.
)
(/usr/local/texlive/2015/texmf-dist/tex/latex/base/latexsym.sty
Package: latexsym 1998/08/17 v2.2e Standard LaTeX package (lasy symbols)
\symlasy=\mathgroup7
LaTeX Font Info:    Overwriting symbol font `lasy' in version `bold'
(Font)                  U/lasy/m/n --> U/lasy/b/n on input line 52.
)
(/usr/local/texlive/2015/texmf-dist/tex/latex/graphics/color.sty
Package: color 2014/10/28 v1.1a Standard LaTeX Color (DPC)

(/usr/local/texlive/2015/texmf-dist/tex/latex/latexconfig/color.cfg
File: color.cfg 2007/01/18 v1.5 color configuration of teTeX/TeXLive
)
Package color Info: Driver file: pdftex.def on input line 142.

(/usr/local/texlive/2015/texmf-dist/tex/latex/pdftex-def/pdftex.def
File: pdftex.def 2011/05/27 v0.06d Graphics/color for pdfTeX

(/usr/local/texlive/2015/texmf-dist/tex/generic/oberdiek/infwarerr.sty
Package: infwarerr 2010/04/08 v1.3 Providing info/warning/error messages (HO)
)
(/usr/local/texlive/2015/texmf-dist/tex/generic/oberdiek/ltxcmds.sty
Package: ltxcmds 2011/11/09 v1.22 LaTeX kernel commands for general use (HO)
)
\Gread@gobject=\count122
)
Package color Info: Redefining color black on input line 176.
Package color Info: Redefining color white on input line 177.
Package color Info: Redefining color red on input line 180.
Package color Info: Redefining color green on input line 181.
Package color Info: Redefining color blue on input line 182.
Package color Info: Redefining color cyan on input line 185.
Package color Info: Redefining color magenta on input line 186.
Package color Info: Redefining color yellow on input line 187.
)
(/usr/local/texlive/2015/texmf-dist/tex/latex/pstricks/pstricks.sty
Package: pstricks 2013/12/12 v0.60 LaTeX wrapper for `PSTricks' (RN,HV)

(/usr/local/texlive/2015/texmf-dist/tex/latex/xcolor/xcolor.sty
Package: xcolor 2007/01/21 v2.11 LaTeX color extensions (UK)

(/usr/local/texlive/2015/texmf-dist/tex/latex/latexconfig/color.cfg
File: color.cfg 2007/01/18 v1.5 color configuration of teTeX/TeXLive
)
Package xcolor Info: Driver file: pdftex.def on input line 225.
LaTeX Info: Redefining \color on input line 702.
Package xcolor Info: Model `cmy' substituted by `cmy0' on input line 1337.
Package xcolor Info: Model `hsb' substituted by `rgb' on input line 1341.
Package xcolor Info: Model `RGB' extended on input line 1353.
Package xcolor Info: Model `HTML' substituted by `rgb' on input line 1355.
Package xcolor Info: Model `Hsb' substituted by `hsb' on input line 1356.
Package xcolor Info: Model `tHsb' substituted by `hsb' on input line 1357.
Package xcolor Info: Model `HSB' substituted by `hsb' on input line 1358.
Package xcolor Info: Model `Gray' substituted by `gray' on input line 1359.
Package xcolor Info: Model `wave' substituted by `hsb' on input line 1360.
))
(/usr/local/texlive/2015/texmf-dist/tex/generic/ulem/ulem.sty
\UL@box=\box34
\UL@hyphenbox=\box35
\UL@skip=\skip44
\UL@hook=\toks35
\UL@height=\dimen149
\UL@pe=\count123
\UL@pixel=\dimen150
\ULC@box=\box36
Package: ulem 2012/05/18
\ULdepth=\dimen151
)
(/usr/local/texlive/2015/texmf-dist/tex/latex/amsmath/amsmath.sty
Package: amsmath 2013/01/14 v2.14 AMS math features
\@mathmargin=\skip45

For additional information on amsmath, use the `?' option.
(/usr/local/texlive/2015/texmf-dist/tex/latex/amsmath/amstext.sty
Package: amstext 2000/06/29 v2.01

(/usr/local/texlive/2015/texmf-dist/tex/latex/amsmath/amsgen.sty
File: amsgen.sty 1999/11/30 v2.0
\@emptytoks=\toks36
\ex@=\dimen152
))
(/usr/local/texlive/2015/texmf-dist/tex/latex/amsmath/amsbsy.sty
Package: amsbsy 1999/11/29 v1.2d
LaTeX Info: Redefining \boldsymbol on input line 39.
\pmbraise@=\dimen153
)
(/usr/local/texlive/2015/texmf-dist/tex/latex/amsmath/amsopn.sty
Package: amsopn 1999/12/14 v2.01 operator names
)
\inf@bad=\count124
LaTeX Info: Redefining \frac on input line 210.
\uproot@=\count125
\leftroot@=\count126
LaTeX Info: Redefining \overline on input line 306.
\classnum@=\count127
\DOTSCASE@=\count128
LaTeX Info: Redefining \ldots on input line 378.
LaTeX Info: Redefining \dots on input line 381.
LaTeX Info: Redefining \cdots on input line 466.
\Mathstrutbox@=\box37
\strutbox@=\box38
\big@size=\dimen154
LaTeX Font Info:    Redeclaring font encoding OML on input line 566.
LaTeX Font Info:    Redeclaring font encoding OMS on input line 567.
\macc@depth=\count129
\c@MaxMatrixCols=\count130
\dotsspace@=\muskip10
\c@parentequation=\count131
\dspbrk@lvl=\count132
\tag@help=\toks37
\row@=\count133
\column@=\count134
\maxfields@=\count135
\andhelp@=\toks38
\eqnshift@=\dimen155
\alignsep@=\dimen156
\tagshift@=\dimen157
\tagwidth@=\dimen158
\totwidth@=\dimen159
\lineht@=\dimen160
\@envbody=\toks39
\multlinegap=\skip46
\multlinetaggap=\skip47
\mathdisplay@stack=\toks40
LaTeX Info: Redefining \[ on input line 2665.
LaTeX Info: Redefining \] on input line 2666.
)
(/usr/local/texlive/2015/texmf-dist/tex/latex/amsfonts/amssymb.sty
Package: amssymb 2013/01/14 v3.01 AMS font symbols

(/usr/local/texlive/2015/texmf-dist/tex/latex/amsfonts/amsfonts.sty
Package: amsfonts 2013/01/14 v3.01 Basic AMSFonts support
\symAMSa=\mathgroup8
\symAMSb=\mathgroup9
LaTeX Font Info:    Overwriting math alphabet `\mathfrak' in version `bold'
(Font)                  U/euf/m/n --> U/euf/b/n on input line 106.
))
(/usr/local/texlive/2015/texmf-dist/tex/latex/graphics/graphicx.sty
Package: graphicx 2014/10/28 v1.0g Enhanced LaTeX Graphics (DPC,SPQR)

(/usr/local/texlive/2015/texmf-dist/tex/latex/graphics/graphics.sty
Package: graphics 2014/10/28 v1.0p Standard LaTeX Graphics (DPC,SPQR)

(/usr/local/texlive/2015/texmf-dist/tex/latex/graphics/trig.sty
Package: trig 1999/03/16 v1.09 sin cos tan (DPC)
)
(/usr/local/texlive/2015/texmf-dist/tex/latex/latexconfig/graphics.cfg
File: graphics.cfg 2010/04/23 v1.9 graphics configuration of TeX Live
)
Package graphics Info: Driver file: pdftex.def on input line 94.
)
\Gin@req@height=\dimen161
\Gin@req@width=\dimen162
)
(/usr/local/texlive/2015/texmf-dist/tex/latex/oberdiek/epstopdf.sty
Package: epstopdf 2010/02/09 v2.5 Conversion with epstopdf on the fly (HO)

(/usr/local/texlive/2015/texmf-dist/tex/latex/oberdiek/epstopdf-base.sty
Package: epstopdf-base 2010/02/09 v2.5 Base part for package epstopdf

(/usr/local/texlive/2015/texmf-dist/tex/latex/oberdiek/grfext.sty
Package: grfext 2010/08/19 v1.1 Manage graphics extensions (HO)

(/usr/local/texlive/2015/texmf-dist/tex/generic/oberdiek/kvdefinekeys.sty
Package: kvdefinekeys 2011/04/07 v1.3 Define keys (HO)
))
(/usr/local/texlive/2015/texmf-dist/tex/latex/oberdiek/kvoptions.sty
Package: kvoptions 2011/06/30 v3.11 Key value format for package options (HO)

(/usr/local/texlive/2015/texmf-dist/tex/generic/oberdiek/kvsetkeys.sty
Package: kvsetkeys 2012/04/25 v1.16 Key value parser (HO)

(/usr/local/texlive/2015/texmf-dist/tex/generic/oberdiek/etexcmds.sty
Package: etexcmds 2011/02/16 v1.5 Avoid name clashes with e-TeX commands (HO)

(/usr/local/texlive/2015/texmf-dist/tex/generic/oberdiek/ifluatex.sty
Package: ifluatex 2010/03/01 v1.3 Provides the ifluatex switch (HO)
Package ifluatex Info: LuaTeX not detected.
)
Package etexcmds Info: Could not find \expanded.
(etexcmds)             That can mean that you are not using pdfTeX 1.50 or
(etexcmds)             that some package has redefined \expanded.
(etexcmds)             In the latter case, load this package earlier.
)))
(/usr/local/texlive/2015/texmf-dist/tex/generic/oberdiek/pdftexcmds.sty
Package: pdftexcmds 2011/11/29 v0.20 Utility functions of pdfTeX for LuaTeX (HO
)
Package pdftexcmds Info: LuaTeX not detected.
Package pdftexcmds Info: \pdf@primitive is available.
Package pdftexcmds Info: \pdf@ifprimitive is available.
Package pdftexcmds Info: \pdfdraftmode found.
)
Package grfext Info: Graphics extension search list:
(grfext)             [.png,.pdf,.jpg,.mps,.jpeg,.jbig2,.jb2,.PNG,.PDF,.JPG,.JPE
G,.JBIG2,.JB2,.eps]
(grfext)             \AppendGraphicsExtensions on input line 452.

(/usr/local/texlive/2015/texmf-dist/tex/latex/latexconfig/epstopdf-sys.cfg
File: epstopdf-sys.cfg 2010/07/13 v1.3 Configuration of (r)epstopdf for TeX Liv
e
)))
(./neg_CMTL.aux)
\openout1 = `neg_CMTL.aux'.

LaTeX Font Info:    Checking defaults for OML/cmm/m/it on input line 189.
LaTeX Font Info:    ... okay on input line 189.
LaTeX Font Info:    Checking defaults for T1/cmr/m/n on input line 189.
LaTeX Font Info:    ... okay on input line 189.
LaTeX Font Info:    Checking defaults for OT1/cmr/m/n on input line 189.
LaTeX Font Info:    ... okay on input line 189.
LaTeX Font Info:    Checking defaults for OMS/cmsy/m/n on input line 189.
LaTeX Font Info:    ... okay on input line 189.
LaTeX Font Info:    Checking defaults for OMX/cmex/m/n on input line 189.
LaTeX Font Info:    ... okay on input line 189.
LaTeX Font Info:    Checking defaults for U/cmr/m/n on input line 189.
LaTeX Font Info:    ... okay on input line 189.

(/usr/local/texlive/2015/texmf-dist/tex/context/base/supp-pdf.mkii
[Loading MPS to PDF converter (version 2006.09.02).]
\scratchcounter=\count136
\scratchdimen=\dimen163
\scratchbox=\box39
\nofMPsegments=\count137
\nofMParguments=\count138
\everyMPshowfont=\toks41
\MPscratchCnt=\count139
\MPscratchDim=\dimen164
\MPnumerator=\count140
\makeMPintoPDFobject=\count141
\everyMPtoPDFconversion=\toks42
)
Package epstopdf Info: Source file: <..//Figs/polar_1_a.eps>
(epstopdf)                    date: 2015-10-13 16:31:46
(epstopdf)                    size: 54443 bytes
(epstopdf)             Output file: <..//Figs/polar_1_a-eps-converted-to.pdf>
(epstopdf)                    date: 2015-10-13 16:32:04
(epstopdf)                    size: 25250 bytes
(epstopdf)             Command: <epstopdf --outfile=..//Figs/polar_1_a-eps-conv
erted-to.pdf ..//Figs/polar_1_a.eps>
(epstopdf)             \includegraphics on input line 225.
Package epstopdf Info: Output file is already uptodate.
 <..//Figs/polar_1_a-eps-converted-to.pdf, id=1, 408.52625pt x 409.53pt>
File: ..//Figs/polar_1_a-eps-converted-to.pdf Graphic file (type pdf)

<use ..//Figs/polar_1_a-eps-converted-to.pdf>
Package pdftex.def Info: ..//Figs/polar_1_a-eps-converted-to.pdf used on input 
line 225.
(pdftex.def)             Requested size: 113.53256pt x 113.81102pt.
Package epstopdf Info: Source file: <..//Figs/polar_2_a.eps>
(epstopdf)                    date: 2015-10-13 16:31:38
(epstopdf)                    size: 71173 bytes
(epstopdf)             Output file: <..//Figs/polar_2_a-eps-converted-to.pdf>
(epstopdf)                    date: 2015-10-13 16:32:04
(epstopdf)                    size: 42165 bytes
(epstopdf)             Command: <epstopdf --outfile=..//Figs/polar_2_a-eps-conv
erted-to.pdf ..//Figs/polar_2_a.eps>
(epstopdf)             \includegraphics on input line 232.
Package epstopdf Info: Output file is already uptodate.

<..//Figs/polar_2_a-eps-converted-to.pdf, id=2, 418.56375pt x 409.53pt>
File: ..//Figs/polar_2_a-eps-converted-to.pdf Graphic file (type pdf)

<use ..//Figs/polar_2_a-eps-converted-to.pdf>
Package pdftex.def Info: ..//Figs/polar_2_a-eps-converted-to.pdf used on input 
line 232.
(pdftex.def)             Requested size: 116.32205pt x 113.81102pt.

Overfull \vbox (9.49998pt too high) has occurred while \output is active []


Overfull \vbox (13.0767pt too high) has occurred while \output is active []


[1
Non-PDF special ignored!
Non-PDF special ignored!
Non-PDF special ignored!


Non-PDF special ignored!
Non-PDF special ignored!
Non-PDF special ignored!
Non-PDF special ignored!
Non-PDF special ignored!

{/usr/local/texlive/2015/texmf-var/fonts/map/pdftex/updmap/pdftex.map} <..//Fig
s/polar_1_a-eps-converted-to.pdf> <..//Figs/polar_2_a-eps-converted-to.pdf>]
LaTeX Font Info:    Try loading font information for U+lasy on input line 257.

(/usr/local/texlive/2015/texmf-dist/tex/latex/base/ulasy.fd
File: ulasy.fd 1998/08/17 v2.2e LaTeX symbol font definitions
)
LaTeX Font Info:    Try loading font information for U+msa on input line 257.

(/usr/local/texlive/2015/texmf-dist/tex/latex/amsfonts/umsa.fd
File: umsa.fd 2013/01/14 v3.01 AMS symbols A
)
LaTeX Font Info:    Try loading font information for U+msb on input line 257.

(/usr/local/texlive/2015/texmf-dist/tex/latex/amsfonts/umsb.fd
File: umsb.fd 2013/01/14 v3.01 AMS symbols B
)
Package epstopdf Info: Source file: </Users/danielhurowitz/PROJ/NEG/Figs/figs_f
or_paper/rw1a.eps>
(epstopdf)                    date: 2013-11-04 12:53:57
(epstopdf)                    size: 22447 bytes
(epstopdf)             Output file: </Users/danielhurowitz/PROJ/NEG/Figs/figs_f
or_paper/rw1a-eps-converted-to.pdf>
(epstopdf)                    date: 2015-11-19 09:11:23
(epstopdf)                    size: 13997 bytes
(epstopdf)             Command: <epstopdf --outfile=/Users/danielhurowitz/PROJ/
NEG/Figs/figs_for_paper/rw1a-eps-converted-to.pdf /Users/danielhurowitz/PROJ/NE
G/Figs/figs_for_paper/rw1a.eps>
(epstopdf)             \includegraphics on input line 265.
Package epstopdf Info: Output file is already uptodate.

</Users/danielhurowitz/PROJ/NEG/Figs/figs_for_paper/rw1a-eps-converted-to.pdf, 
id=20, 346.29375pt x 71.26625pt>
File: /Users/danielhurowitz/PROJ/NEG/Figs/figs_for_paper/rw1a-eps-converted-to.
pdf Graphic file (type pdf)

<use /Users/danielhurowitz/PROJ/NEG/Figs/figs_for_paper/rw1a-eps-converted-to.p
df>
Package pdftex.def Info: /Users/danielhurowitz/PROJ/NEG/Figs/figs_for_paper/rw1
a-eps-converted-to.pdf used on input line 265.
(pdftex.def)             Requested size: 128.0374pt x 26.3496pt.
Package epstopdf Info: Source file: </Users/danielhurowitz/PROJ/NEG/Figs/figs_f
or_paper/rw2a.eps>
(epstopdf)                    date: 2013-11-04 12:53:57
(epstopdf)                    size: 20389 bytes
(epstopdf)             Output file: </Users/danielhurowitz/PROJ/NEG/Figs/figs_f
or_paper/rw2a-eps-converted-to.pdf>
(epstopdf)                    date: 2015-11-19 09:11:23
(epstopdf)                    size: 12103 bytes
(epstopdf)             Command: <epstopdf --outfile=/Users/danielhurowitz/PROJ/
NEG/Figs/figs_for_paper/rw2a-eps-converted-to.pdf /Users/danielhurowitz/PROJ/NE
G/Figs/figs_for_paper/rw2a.eps>
(epstopdf)             \includegraphics on input line 315.
Package epstopdf Info: Output file is already uptodate.

</Users/danielhurowitz/PROJ/NEG/Figs/figs_for_paper/rw2a-eps-converted-to.pdf, 
id=21, 346.29375pt x 59.22125pt>
File: /Users/danielhurowitz/PROJ/NEG/Figs/figs_for_paper/rw2a-eps-converted-to.
pdf Graphic file (type pdf)

<use /Users/danielhurowitz/PROJ/NEG/Figs/figs_for_paper/rw2a-eps-converted-to.p
df>
Package pdftex.def Info: /Users/danielhurowitz/PROJ/NEG/Figs/figs_for_paper/rw2
a-eps-converted-to.pdf used on input line 315.
(pdftex.def)             Requested size: 128.0374pt x 21.89615pt.

Overfull \hbox (3.7979pt too wide) in paragraph at lines 294--318
[][][]  
 []


Overfull \vbox (9.49998pt too high) has occurred while \output is active []


Overfull \vbox (12.06425pt too high) has occurred while \output is active []


[2

 </Users/danielhurowitz/PROJ/NEG/Figs/figs_for_paper/rw1a-eps-converted-to.pdf>
 </Users/danielhurowitz/PROJ/NEG/Figs/figs_for_paper/rw2a-eps-converted-to.pdf>
]
Package epstopdf Info: Source file: </Users/danielhurowitz/PROJ/NEG/Figs/figs_f
or_paper/sparse_network2.eps>
(epstopdf)                    date: 2014-11-18 12:02:00
(epstopdf)                    size: 6523 bytes
(epstopdf)             Output file: </Users/danielhurowitz/PROJ/NEG/Figs/figs_f
or_paper/sparse_network2-eps-converted-to.pdf>
(epstopdf)                    date: 2015-11-22 15:10:24
(epstopdf)                    size: 4041 bytes
(epstopdf)             Command: <epstopdf --outfile=/Users/danielhurowitz/PROJ/
NEG/Figs/figs_for_paper/sparse_network2-eps-converted-to.pdf /Users/danielhurow
itz/PROJ/NEG/Figs/figs_for_paper/sparse_network2.eps>
(epstopdf)             \includegraphics on input line 378.
Package epstopdf Info: Output file is already uptodate.

</Users/danielhurowitz/PROJ/NEG/Figs/figs_for_paper/sparse_network2-eps-convert
ed-to.pdf, id=41, 387.4475pt x 350.30875pt>
File: /Users/danielhurowitz/PROJ/NEG/Figs/figs_for_paper/sparse_network2-eps-co
nverted-to.pdf Graphic file (type pdf)

<use /Users/danielhurowitz/PROJ/NEG/Figs/figs_for_paper/sparse_network2-eps-con
verted-to.pdf>
Package pdftex.def Info: /Users/danielhurowitz/PROJ/NEG/Figs/figs_for_paper/spa
rse_network2-eps-converted-to.pdf used on input line 378.
(pdftex.def)             Requested size: 94.40816pt x 85.35826pt.
LaTeX Font Info:    Try loading font information for OMS+cmr on input line 388.

 (/usr/local/texlive/2015/texmf-dist/tex/latex/base/omscmr.fd
File: omscmr.fd 2014/09/29 v2.5h Standard LaTeX font definitions
)
LaTeX Font Info:    Font shape `OMS/cmr/m/n' in size <8> not available
(Font)              Font shape `OMS/cmsy/m/n' tried instead on input line 388.

Overfull \vbox (9.49998pt too high) has occurred while \output is active []


Overfull \vbox (12.06425pt too high) has occurred while \output is active []


[3

 </Users/danielhurowitz/PROJ/NEG/Figs/figs_for_paper/sparse_network2-eps-conver
ted-to.pdf>]
Package epstopdf Info: Source file: </Users/danielhurowitz/PROJ/NEG/Figs/figs_f
or_paper/spectrum_electrostatics1_2.eps>
(epstopdf)                    date: 2015-11-05 18:32:43
(epstopdf)                    size: 79953 bytes
(epstopdf)             Output file: </Users/danielhurowitz/PROJ/NEG/Figs/figs_f
or_paper/spectrum_electrostatics1_2-eps-converted-to.pdf>
(epstopdf)                    date: 2015-11-09 10:09:15
(epstopdf)                    size: 68655 bytes
(epstopdf)             Command: <epstopdf --outfile=/Users/danielhurowitz/PROJ/
NEG/Figs/figs_for_paper/spectrum_electrostatics1_2-eps-converted-to.pdf /Users/
danielhurowitz/PROJ/NEG/Figs/figs_for_paper/spectrum_electrostatics1_2.eps>
(epstopdf)             \includegraphics on input line 408.
Package epstopdf Info: Output file is already uptodate.

</Users/danielhurowitz/PROJ/NEG/Figs/figs_for_paper/spectrum_electrostatics1_2-
eps-converted-to.pdf, id=49, 532.99126pt x 419.5675pt>
File: /Users/danielhurowitz/PROJ/NEG/Figs/figs_for_paper/spectrum_electrostatic
s1_2-eps-converted-to.pdf Graphic file (type pdf)

<use /Users/danielhurowitz/PROJ/NEG/Figs/figs_for_paper/spectrum_electrostatics
1_2-eps-converted-to.pdf>
Package pdftex.def Info: /Users/danielhurowitz/PROJ/NEG/Figs/figs_for_paper/spe
ctrum_electrostatics1_2-eps-converted-to.pdf used on input line 408.
(pdftex.def)             Requested size: 126.5054pt x 99.58464pt.

Overfull \hbox (1.10468pt too wide) in paragraph at lines 408--410
[][]
 []


Underfull \hbox (badness 10000) in paragraph at lines 408--410

 []

Package epstopdf Info: Source file: </Users/danielhurowitz/PROJ/NEG/Figs/figs_f
or_paper/spectrum_electrostatics1.eps>
(epstopdf)                    date: 2015-11-05 18:32:43
(epstopdf)                    size: 157190 bytes
(epstopdf)             Output file: </Users/danielhurowitz/PROJ/NEG/Figs/figs_f
or_paper/spectrum_electrostatics1-eps-converted-to.pdf>
(epstopdf)                    date: 2015-11-09 10:09:15
(epstopdf)                    size: 86638 bytes
(epstopdf)             Command: <epstopdf --outfile=/Users/danielhurowitz/PROJ/
NEG/Figs/figs_for_paper/spectrum_electrostatics1-eps-converted-to.pdf /Users/da
nielhurowitz/PROJ/NEG/Figs/figs_for_paper/spectrum_electrostatics1.eps>
(epstopdf)             \includegraphics on input line 414.
Package epstopdf Info: Output file is already uptodate.

</Users/danielhurowitz/PROJ/NEG/Figs/figs_for_paper/spectrum_electrostatics1-ep
s-converted-to.pdf, id=50, 532.99126pt x 419.5675pt>
File: /Users/danielhurowitz/PROJ/NEG/Figs/figs_for_paper/spectrum_electrostatic
s1-eps-converted-to.pdf Graphic file (type pdf)

<use /Users/danielhurowitz/PROJ/NEG/Figs/figs_for_paper/spectrum_electrostatics
1-eps-converted-to.pdf>
Package pdftex.def Info: /Users/danielhurowitz/PROJ/NEG/Figs/figs_for_paper/spe
ctrum_electrostatics1-eps-converted-to.pdf used on input line 414.
(pdftex.def)             Requested size: 126.5054pt x 99.58464pt.

Overfull \hbox (1.10468pt too wide) in paragraph at lines 414--416
[][]
 []


Underfull \hbox (badness 10000) in paragraph at lines 414--416

 []

Package epstopdf Info: Source file: </Users/danielhurowitz/PROJ/NEG/Figs/figs_f
or_paper/spectrum_electrostatics2.eps>
(epstopdf)                    date: 2015-11-05 18:32:43
(epstopdf)                    size: 814020 bytes
(epstopdf)             Output file: </Users/danielhurowitz/PROJ/NEG/Figs/figs_f
or_paper/spectrum_electrostatics2-eps-converted-to.pdf>
(epstopdf)                    date: 2015-11-09 10:09:15
(epstopdf)                    size: 198321 bytes
(epstopdf)             Command: <epstopdf --outfile=/Users/danielhurowitz/PROJ/
NEG/Figs/figs_for_paper/spectrum_electrostatics2-eps-converted-to.pdf /Users/da
nielhurowitz/PROJ/NEG/Figs/figs_for_paper/spectrum_electrostatics2.eps>
(epstopdf)             \includegraphics on input line 420.
Package epstopdf Info: Output file is already uptodate.

</Users/danielhurowitz/PROJ/NEG/Figs/figs_for_paper/spectrum_electrostatics2-ep
s-converted-to.pdf, id=51, 526.96875pt x 419.5675pt>
File: /Users/danielhurowitz/PROJ/NEG/Figs/figs_for_paper/spectrum_electrostatic
s2-eps-converted-to.pdf Graphic file (type pdf)

<use /Users/danielhurowitz/PROJ/NEG/Figs/figs_for_paper/spectrum_electrostatics
2-eps-converted-to.pdf>
Package pdftex.def Info: /Users/danielhurowitz/PROJ/NEG/Figs/figs_for_paper/spe
ctrum_electrostatics2-eps-converted-to.pdf used on input line 420.
(pdftex.def)             Requested size: 125.07596pt x 99.58464pt.

Underfull \hbox (badness 10000) in paragraph at lines 420--422
[][]
 []


Underfull \hbox (badness 10000) in paragraph at lines 420--422

 []

Package epstopdf Info: Source file: </Users/danielhurowitz/PROJ/NEG/Figs/figs_f
or_paper/numComplex_100_alpha_sigma.eps>
(epstopdf)                    date: 2015-11-05 18:32:43
(epstopdf)                    size: 127285 bytes
(epstopdf)             Output file: </Users/danielhurowitz/PROJ/NEG/Figs/figs_f
or_paper/numComplex_100_alpha_sigma-eps-converted-to.pdf>
(epstopdf)                    date: 2015-11-09 10:09:17
(epstopdf)                    size: 15946 bytes
(epstopdf)             Command: <epstopdf --outfile=/Users/danielhurowitz/PROJ/
NEG/Figs/figs_for_paper/numComplex_100_alpha_sigma-eps-converted-to.pdf /Users/
danielhurowitz/PROJ/NEG/Figs/figs_for_paper/numComplex_100_alpha_sigma.eps>
(epstopdf)             \includegraphics on input line 446.
Package epstopdf Info: Output file is already uptodate.

</Users/danielhurowitz/PROJ/NEG/Figs/figs_for_paper/numComplex_100_alpha_sigma-
eps-converted-to.pdf, id=52, 533.995pt x 413.545pt>
File: /Users/danielhurowitz/PROJ/NEG/Figs/figs_for_paper/numComplex_100_alpha_s
igma-eps-converted-to.pdf Graphic file (type pdf)

<use /Users/danielhurowitz/PROJ/NEG/Figs/figs_for_paper/numComplex_100_alpha_si
gma-eps-converted-to.pdf>
Package pdftex.def Info: /Users/danielhurowitz/PROJ/NEG/Figs/figs_for_paper/num
Complex_100_alpha_sigma-eps-converted-to.pdf used on input line 446.
(pdftex.def)             Requested size: 128.58511pt x 99.58464pt.

Overfull \vbox (9.49998pt too high) has occurred while \output is active []


Overfull \vbox (12.06425pt too high) has occurred while \output is active []


[4

 </Users/danielhurowitz/PROJ/NEG/Figs/figs_for_paper/spectrum_electrostatics1_2
-eps-converted-to.pdf> </Users/danielhurowitz/PROJ/NEG/Figs/figs_for_paper/spec
trum_electrostatics1-eps-converted-to.pdf> </Users/danielhurowitz/PROJ/NEG/Figs
/figs_for_paper/spectrum_electrostatics2-eps-converted-to.pdf> </Users/danielhu
rowitz/PROJ/NEG/Figs/figs_for_paper/numComplex_100_alpha_sigma-eps-converted-to
.pdf>]

LaTeX Warning: Slide 5 overfull by 5.50629pt on input line 529.


Overfull \vbox (9.49998pt too high) has occurred while \output is active []


Overfull \vbox (12.06425pt too high) has occurred while \output is active []


[5

]
Package epstopdf Info: Source file: </Users/danielhurowitz/PROJ/NEG/Figs/figs_f
or_paper/N_E_1_1_french.eps>
(epstopdf)                    date: 2015-11-10 11:45:40
(epstopdf)                    size: 207626 bytes
(epstopdf)             Output file: </Users/danielhurowitz/PROJ/NEG/Figs/figs_f
or_paper/N_E_1_1_french-eps-converted-to.pdf>
(epstopdf)                    date: 2015-11-10 11:45:56
(epstopdf)                    size: 117606 bytes
(epstopdf)             Command: <epstopdf --outfile=/Users/danielhurowitz/PROJ/
NEG/Figs/figs_for_paper/N_E_1_1_french-eps-converted-to.pdf /Users/danielhurowi
tz/PROJ/NEG/Figs/figs_for_paper/N_E_1_1_french.eps>
(epstopdf)             \includegraphics on input line 599.
Package epstopdf Info: Output file is already uptodate.

</Users/danielhurowitz/PROJ/NEG/Figs/figs_for_paper/N_E_1_1_french-eps-converte
d-to.pdf, id=117, 533.995pt x 438.63875pt>
File: /Users/danielhurowitz/PROJ/NEG/Figs/figs_for_paper/N_E_1_1_french-eps-con
verted-to.pdf Graphic file (type pdf)

<use /Users/danielhurowitz/PROJ/NEG/Figs/figs_for_paper/N_E_1_1_french-eps-conv
erted-to.pdf>
Package pdftex.def Info: /Users/danielhurowitz/PROJ/NEG/Figs/figs_for_paper/N_E
_1_1_french-eps-converted-to.pdf used on input line 599.
(pdftex.def)             Requested size: 121.22739pt x 99.58464pt.


LaTeX Warning: Slide 6 overfull by 9.83543pt on input line 616.


Overfull \vbox (2.5259pt too high) has occurred while \output is active []


Overfull \vbox (9.49998pt too high) has occurred while \output is active []


Overfull \vbox (12.06425pt too high) has occurred while \output is active []


[6

 </Users/danielhurowitz/PROJ/NEG/Figs/figs_for_paper/N_E_1_1_french-eps-convert
ed-to.pdf>]
Package epstopdf Info: Source file: </Users/danielhurowitz/PROJ/NEG/Figs/figs_f
or_paper/V_E_1_2b.eps>
(epstopdf)                    date: 2015-11-05 18:32:43
(epstopdf)                    size: 225302 bytes
(epstopdf)             Output file: </Users/danielhurowitz/PROJ/NEG/Figs/figs_f
or_paper/V_E_1_2b-eps-converted-to.pdf>
(epstopdf)                    date: 2015-11-09 10:09:16
(epstopdf)                    size: 29660 bytes
(epstopdf)             Command: <epstopdf --outfile=/Users/danielhurowitz/PROJ/
NEG/Figs/figs_for_paper/V_E_1_2b-eps-converted-to.pdf /Users/danielhurowitz/PRO
J/NEG/Figs/figs_for_paper/V_E_1_2b.eps>
(epstopdf)             \includegraphics on input line 676.
Package epstopdf Info: Output file is already uptodate.

</Users/danielhurowitz/PROJ/NEG/Figs/figs_for_paper/V_E_1_2b-eps-converted-to.p
df, id=139, 533.995pt x 413.545pt>
File: /Users/danielhurowitz/PROJ/NEG/Figs/figs_for_paper/V_E_1_2b-eps-converted
-to.pdf Graphic file (type pdf)

<use /Users/danielhurowitz/PROJ/NEG/Figs/figs_for_paper/V_E_1_2b-eps-converted-
to.pdf>
Package pdftex.def Info: /Users/danielhurowitz/PROJ/NEG/Figs/figs_for_paper/V_E
_1_2b-eps-converted-to.pdf used on input line 676.
(pdftex.def)             Requested size: 110.2193pt x 85.35826pt.
Package epstopdf Info: Source file: </Users/danielhurowitz/PROJ/NEG/Figs/figs_f
or_paper/V_E_1b.eps>
(epstopdf)                    date: 2015-11-05 18:32:43
(epstopdf)                    size: 236844 bytes
(epstopdf)             Output file: </Users/danielhurowitz/PROJ/NEG/Figs/figs_f
or_paper/V_E_1b-eps-converted-to.pdf>
(epstopdf)                    date: 2015-11-09 10:09:16
(epstopdf)                    size: 41137 bytes
(epstopdf)             Command: <epstopdf --outfile=/Users/danielhurowitz/PROJ/
NEG/Figs/figs_for_paper/V_E_1b-eps-converted-to.pdf /Users/danielhurowitz/PROJ/
NEG/Figs/figs_for_paper/V_E_1b.eps>
(epstopdf)             \includegraphics on input line 685.
Package epstopdf Info: Output file is already uptodate.

</Users/danielhurowitz/PROJ/NEG/Figs/figs_for_paper/V_E_1b-eps-converted-to.pdf
, id=140, 526.96875pt x 413.545pt>
File: /Users/danielhurowitz/PROJ/NEG/Figs/figs_for_paper/V_E_1b-eps-converted-t
o.pdf Graphic file (type pdf)

<use /Users/danielhurowitz/PROJ/NEG/Figs/figs_for_paper/V_E_1b-eps-converted-to
.pdf>
Package pdftex.def Info: /Users/danielhurowitz/PROJ/NEG/Figs/figs_for_paper/V_E
_1b-eps-converted-to.pdf used on input line 685.
(pdftex.def)             Requested size: 108.76904pt x 85.35826pt.
Package epstopdf Info: Source file: </Users/danielhurowitz/PROJ/NEG/Figs/figs_f
or_paper/V_E_2b.eps>
(epstopdf)                    date: 2015-11-05 18:32:43
(epstopdf)                    size: 205009 bytes
(epstopdf)             Output file: </Users/danielhurowitz/PROJ/NEG/Figs/figs_f
or_paper/V_E_2b-eps-converted-to.pdf>
(epstopdf)                    date: 2015-11-09 10:09:16
(epstopdf)                    size: 32847 bytes
(epstopdf)             Command: <epstopdf --outfile=/Users/danielhurowitz/PROJ/
NEG/Figs/figs_for_paper/V_E_2b-eps-converted-to.pdf /Users/danielhurowitz/PROJ/
NEG/Figs/figs_for_paper/V_E_2b.eps>
(epstopdf)             \includegraphics on input line 694.
Package epstopdf Info: Output file is already uptodate.

</Users/danielhurowitz/PROJ/NEG/Figs/figs_for_paper/V_E_2b-eps-converted-to.pdf
, id=141, 541.02126pt x 413.545pt>
File: /Users/danielhurowitz/PROJ/NEG/Figs/figs_for_paper/V_E_2b-eps-converted-t
o.pdf Graphic file (type pdf)

<use /Users/danielhurowitz/PROJ/NEG/Figs/figs_for_paper/V_E_2b-eps-converted-to
.pdf>
Package pdftex.def Info: /Users/danielhurowitz/PROJ/NEG/Figs/figs_for_paper/V_E
_2b-eps-converted-to.pdf used on input line 694.
(pdftex.def)             Requested size: 111.66956pt x 85.35826pt.


LaTeX Warning: Slide 7 overfull by 16.6339pt on input line 704.


Overfull \vbox (5.82643pt too high) has occurred while \output is active []


Overfull \vbox (9.49998pt too high) has occurred while \output is active []


Overfull \vbox (12.06425pt too high) has occurred while \output is active []


[7

 </Users/danielhurowitz/PROJ/NEG/Figs/figs_for_paper/V_E_1_2b-eps-converted-to.
pdf> </Users/danielhurowitz/PROJ/NEG/Figs/figs_for_paper/V_E_1b-eps-converted-t
o.pdf> </Users/danielhurowitz/PROJ/NEG/Figs/figs_for_paper/V_E_2b-eps-converted
-to.pdf>]
Package epstopdf Info: Source file: </Users/danielhurowitz/PROJ/NEG/Figs/figs_f
or_paper/s_c_vs_alpha.eps>
(epstopdf)                    date: 2015-11-09 12:23:47
(epstopdf)                    size: 405738 bytes
(epstopdf)             Output file: </Users/danielhurowitz/PROJ/NEG/Figs/figs_f
or_paper/s_c_vs_alpha-eps-converted-to.pdf>
(epstopdf)                    date: 2015-11-09 16:17:29
(epstopdf)                    size: 339093 bytes
(epstopdf)             Command: <epstopdf --outfile=/Users/danielhurowitz/PROJ/
NEG/Figs/figs_for_paper/s_c_vs_alpha-eps-converted-to.pdf /Users/danielhurowitz
/PROJ/NEG/Figs/figs_for_paper/s_c_vs_alpha.eps>
(epstopdf)             \includegraphics on input line 758.
Package epstopdf Info: Output file is already uptodate.

</Users/danielhurowitz/PROJ/NEG/Figs/figs_for_paper/s_c_vs_alpha-eps-converted-
to.pdf, id=195, 544.0325pt x 420.57124pt>
File: /Users/danielhurowitz/PROJ/NEG/Figs/figs_for_paper/s_c_vs_alpha-eps-conve
rted-to.pdf Graphic file (type pdf)

<use /Users/danielhurowitz/PROJ/NEG/Figs/figs_for_paper/s_c_vs_alpha-eps-conver
ted-to.pdf>
Package pdftex.def Info: /Users/danielhurowitz/PROJ/NEG/Figs/figs_for_paper/s_c
_vs_alpha-eps-converted-to.pdf used on input line 758.
(pdftex.def)             Requested size: 147.22278pt x 113.81102pt.
Package epstopdf Info: Source file: </Users/danielhurowitz/PROJ/NEG/Figs/figs_f
or_paper/s_c_sparse_100_loglog.eps>
(epstopdf)                    date: 2015-11-05 18:32:43
(epstopdf)                    size: 158550 bytes
(epstopdf)             Output file: </Users/danielhurowitz/PROJ/NEG/Figs/figs_f
or_paper/s_c_sparse_100_loglog-eps-converted-to.pdf>
(epstopdf)                    date: 2015-11-09 10:09:17
(epstopdf)                    size: 104151 bytes
(epstopdf)             Command: <epstopdf --outfile=/Users/danielhurowitz/PROJ/
NEG/Figs/figs_for_paper/s_c_sparse_100_loglog-eps-converted-to.pdf /Users/danie
lhurowitz/PROJ/NEG/Figs/figs_for_paper/s_c_sparse_100_loglog.eps>
(epstopdf)             \includegraphics on input line 761.
Package epstopdf Info: Output file is already uptodate.

</Users/danielhurowitz/PROJ/NEG/Figs/figs_for_paper/s_c_sparse_100_loglog-eps-c
onverted-to.pdf, id=196, 539.01375pt x 426.59375pt>
File: /Users/danielhurowitz/PROJ/NEG/Figs/figs_for_paper/s_c_sparse_100_loglog-
eps-converted-to.pdf Graphic file (type pdf)

<use /Users/danielhurowitz/PROJ/NEG/Figs/figs_for_paper/s_c_sparse_100_loglog-e
ps-converted-to.pdf>
Package pdftex.def Info: /Users/danielhurowitz/PROJ/NEG/Figs/figs_for_paper/s_c
_sparse_100_loglog-eps-converted-to.pdf used on input line 761.
(pdftex.def)             Requested size: 143.80025pt x 113.81102pt.

Overfull \vbox (9.49998pt too high) has occurred while \output is active []


Overfull \vbox (12.06425pt too high) has occurred while \output is active []


[8

 </Users/danielhurowitz/PROJ/NEG/Figs/figs_for_paper/s_c_vs_alpha-eps-converted
-to.pdf> </Users/danielhurowitz/PROJ/NEG/Figs/figs_for_paper/s_c_sparse_100_log
log-eps-converted-to.pdf>]
Package epstopdf Info: Source file: </Users/danielhurowitz/PROJ/NEG/Figs/figs_f
or_paper/numComplex_100_alpha_sigma.eps>
(epstopdf)                    date: 2015-11-05 18:32:43
(epstopdf)                    size: 127285 bytes
(epstopdf)             Output file: </Users/danielhurowitz/PROJ/NEG/Figs/figs_f
or_paper/numComplex_100_alpha_sigma-eps-converted-to.pdf>
(epstopdf)                    date: 2015-11-09 10:09:17
(epstopdf)                    size: 15946 bytes
(epstopdf)             Command: <epstopdf --outfile=/Users/danielhurowitz/PROJ/
NEG/Figs/figs_for_paper/numComplex_100_alpha_sigma-eps-converted-to.pdf /Users/
danielhurowitz/PROJ/NEG/Figs/figs_for_paper/numComplex_100_alpha_sigma.eps>
(epstopdf)             \includegraphics on input line 829.
Package epstopdf Info: Output file is already uptodate.
File: /Users/danielhurowitz/PROJ/NEG/Figs/figs_for_paper/numComplex_100_alpha_s
igma-eps-converted-to.pdf Graphic file (type pdf)

<use /Users/danielhurowitz/PROJ/NEG/Figs/figs_for_paper/numComplex_100_alpha_si
gma-eps-converted-to.pdf>
Package pdftex.def Info: /Users/danielhurowitz/PROJ/NEG/Figs/figs_for_paper/num
Complex_100_alpha_sigma-eps-converted-to.pdf used on input line 829.
(pdftex.def)             Requested size: 146.95908pt x 113.81102pt.

Overfull \vbox (9.49998pt too high) has occurred while \output is active []


Overfull \vbox (12.06425pt too high) has occurred while \output is active []


[9

]
Overfull \vbox (9.49998pt too high) has occurred while \output is active []


Overfull \vbox (12.06425pt too high) has occurred while \output is active []


[10

]
Missing character: There is no Ð in font cmr5!
Missing character: There is no Ð in font cmr5!
Missing character: There is no Ð in font cmr5!

Overfull \vbox (9.49998pt too high) has occurred while \output is active []


Overfull \vbox (12.06425pt too high) has occurred while \output is active []


[11

]

*******************************************************
***** !! PRINT THIS DOCUMENT IN LANDSCAPE MODE !! *****
*******************************************************
(./neg_CMTL.aux) ) 
Here is how much of TeX's memory you used:
 10010 strings out of 493089
 173517 string characters out of 6134842
 230908 words of memory out of 5000000
 13283 multiletter control sequences out of 15000+600000
 15093 words of font info for 59 fonts, out of 8000000 for 9000
 1141 hyphenation exceptions out of 8191
 42i,17n,40p,509b,511s stack positions out of 5000i,500n,10000p,200000b,80000s
</usr/local/texlive/2015/texmf-dist/fonts/type1/public/amsfon
ts/cm/cmbx10.pfb></usr/local/texlive/2015/texmf-dist/fonts/type1/public/amsfont
s/cm/cmbx12.pfb></usr/local/texlive/2015/texmf-dist/fonts/type1/public/amsfonts
/cm/cmbx7.pfb></usr/local/texlive/2015/texmf-dist/fonts/type1/public/amsfonts/c
m/cmbx8.pfb></usr/local/texlive/2015/texmf-dist/fonts/type1/public/amsfonts/cme
xtra/cmex8.pfb></usr/local/texlive/2015/texmf-dist/fonts/type1/public/amsfonts/
cm/cmmi5.pfb></usr/local/texlive/2015/texmf-dist/fonts/type1/public/amsfonts/cm
/cmmi6.pfb></usr/local/texlive/2015/texmf-dist/fonts/type1/public/amsfonts/cm/c
mmi8.pfb></usr/local/texlive/2015/texmf-dist/fonts/type1/public/amsfonts/cm/cmm
ib10.pfb></usr/local/texlive/2015/texmf-dist/fonts/type1/public/amsfonts/cmextr
a/cmmib6.pfb></usr/local/texlive/2015/texmf-dist/fonts/type1/public/amsfonts/cm
extra/cmmib8.pfb></usr/local/texlive/2015/texmf-dist/fonts/type1/public/amsfont
s/cm/cmr12.pfb></usr/local/texlive/2015/texmf-dist/fonts/type1/public/amsfonts/
cm/cmr5.pfb></usr/local/texlive/2015/texmf-dist/fonts/type1/public/amsfonts/cm/
cmr6.pfb></usr/local/texlive/2015/texmf-dist/fonts/type1/public/amsfonts/cm/cmr
8.pfb></usr/local/texlive/2015/texmf-dist/fonts/type1/public/amsfonts/cm/cmsy6.
pfb></usr/local/texlive/2015/texmf-dist/fonts/type1/public/amsfonts/cm/cmsy8.pf
b></usr/local/texlive/2015/texmf-dist/fonts/type1/public/amsfonts/latxfont/lasy
8.pfb></usr/local/texlive/2015/texmf-dist/fonts/type1/public/amsfonts/symbols/m
sam5.pfb></usr/local/texlive/2015/texmf-dist/fonts/type1/public/amsfonts/symbol
s/msam7.pfb>
Output written on neg_CMTL.pdf (11 pages, 1298244 bytes).
PDF statistics:
 302 PDF objects out of 1000 (max. 8388607)
 205 compressed objects within 3 object streams
 0 named destinations out of 1000 (max. 500000)
 76 words of extra memory for PDF output out of 10000 (max. 10000000)

