\BOOKMARK [2][-]{sect.1.2}{1. \040Background}{}% 1
\BOOKMARK [2][-]{sect.2.2}{2. \040Introduction}{}% 2
\BOOKMARK [2][-]{sect.3.2}{3. \040The model, and main observations}{}% 3
\BOOKMARK [2][-]{sect.4.2}{4. \040Continuous models - general}{}% 4
\BOOKMARK [2][-]{sect.5.2}{5. \040Clean ring}{}% 5
\BOOKMARK [2][-]{sect.6.2}{6. \040Ring and scatterer}{}% 6
\BOOKMARK [2][-]{subsect.6.1.2}{ \040 \0406.1. \040The model}{}% 7
\BOOKMARK [2][-]{subsect.6.2.2}{ \040 \0406.2. \040The secular equation}{}% 8
\BOOKMARK [2][-]{subsect.6.3.2}{ \040 \0406.3. \040The spectrum}{}% 9
\BOOKMARK [2][-]{subsect.6.4.2}{ \040 \0406.4. \040Proof the gap is finite}{}% 10
\BOOKMARK [2][-]{sect.7.2}{7. \040Ring and }{}% 11
\BOOKMARK [2][-]{subsect.7.1.2}{ \040 \0407.1. \040The model}{}% 12
\BOOKMARK [2][-]{subsect.7.2.2}{ \040 \0407.2. \040The secular equation}{}% 13
\BOOKMARK [2][-]{subsect.7.3.2}{ \040 \0407.3. \040The spectrum}{}% 14
\BOOKMARK [2][-]{sect.8.2}{8. \040Tight binding models}{}% 15
\BOOKMARK [2][-]{subsect.8.1.2}{ \040 \0408.1. \040Tight binding clean ring}{}% 16
\BOOKMARK [2][-]{subsect.8.2.2}{ \040 \0408.2. \040Tight binding ring+g}{}% 17
\BOOKMARK [2][-]{subsect.8.3.2}{ \040 \0408.3. \040Tight binding ring + }{}% 18
\BOOKMARK [2][-]{subsect.8.4.2}{ \040 \0408.4. \040Tight binding ring + well}{}% 19
\BOOKMARK [2][-]{sect.9.2}{9. \040Tight binding with disorder}{}% 20
\BOOKMARK [2][-]{subsect.9.1.2}{ \040 \0409.1. \040The model}{}% 21
\BOOKMARK [2][-]{subsect.9.2.2}{ \040 \0409.2. \040Main observations}{}% 22
\BOOKMARK [2][-]{subsect.9.3.2}{ \040 \0409.3. \040Scaled affinity, cumulants of the stochastic field}{}% 23
\BOOKMARK [2][-]{subsect.9.4.2}{ \040 \0409.4. \040Algorithm for analysis}{}% 24
\BOOKMARK [2][-]{subsect.9.5.2}{ \040 \0409.5. \040Electrostatic analogy}{}% 25
\BOOKMARK [2][-]{subsect.9.6.2}{ \040 \0409.6. \040The Density of states of the associated Hermitian matrix}{}% 26
\BOOKMARK [2][-]{sect.10.2}{10. \040The spectrum of a disordered ring}{}% 27
\BOOKMARK [2][-]{subsect.10.1.2}{ \040 \04010.1. \040Large s \(weak disorder\)}{}% 28
\BOOKMARK [2][-]{subsect.10.2.2}{ \040 \04010.2. \040The complex gap - Generalization}{}% 29
\BOOKMARK [2][-]{subsect.10.3.2}{ \040 \04010.3. \040Condition for complexity}{}% 30
\BOOKMARK [2][-]{subsect.10.4.2}{ \040 \04010.4. \040Small s \(strong disorder\)}{}% 31
\BOOKMARK [2][-]{subsect.10.5.2}{ \040 \04010.5. \040The Gap}{}% 32
\BOOKMARK [2][-]{sect.11.2}{11. \040Complexity saturation}{}% 33
\BOOKMARK [2][-]{subsect.11.1.2}{ \040 \04011.1. \040Estimating the fraction of complex eigenvalues}{}% 34
\BOOKMARK [2][-]{subsect.11.2.2}{ \040 \04011.2. \040Effect of glassiness on complexity saturation}{}% 35
\BOOKMARK [2][-]{sect.12.2}{12. \040Appendix: Secular equation for the clean ring}{}% 36
\BOOKMARK [2][-]{sect.13.2}{13. \040Appendix: Diffusion equation matching conditions }{}% 37
\BOOKMARK [2][-]{subsect.13.1.2}{ \040 \04013.1. \040Diffusive scatterer}{}% 38
\BOOKMARK [2][-]{subsect.13.2.2}{ \040 \04013.2. \040Jump in the velocity}{}% 39
\BOOKMARK [2][-]{sect.14.2}{14. \040Appendix: Secular equation for ring + g}{}% 40
\BOOKMARK [2][-]{sect.15.2}{15. \040Appendix: Secular equation for ring+}{}% 41
\BOOKMARK [2][-]{sect.16.2}{16. \040Appendix: Eigenvalue equation for disordered ring}{}% 42
\BOOKMARK [2][-]{sect.17.2}{17. \040Appendix: Anderson localization and Thouless}{}% 43
\BOOKMARK [2][-]{sect.18.2}{18. \040Interplay between resistor network and Sinai: Drift and diffusion}{}% 44
\BOOKMARK [2][-]{sect.19.2}{19. \040A more detailed analysis}{}% 45
\BOOKMARK [2][-]{sect.20.2}{20. \040The shape of g\(\)}{}% 46
\BOOKMARK [2][-]{sect.21.2}{21. \040Appendix: Summary of main results in [odh3]}{}% 47
