This is pdfTeX, Version 3.1415926-2.4-1.40.13 (TeX Live 2012) (format=pdflatex 2012.6.30)  22 JAN 2015 17:56
entering extended mode
 restricted \write18 enabled.
 file:line:error style messages enabled.
 %&-line parsing enabled.
**neg_doron.tex
(./neg_doron.tex
LaTeX2e <2011/06/27>
Babel <v3.8m> and hyphenation patterns for english, dumylang, nohyphenation, ge
rman-x-2012-05-30, ngerman-x-2012-05-30, afrikaans, ancientgreek, ibycus, arabi
c, armenian, basque, bulgarian, catalan, pinyin, coptic, croatian, czech, danis
h, dutch, ukenglish, usenglishmax, esperanto, estonian, ethiopic, farsi, finnis
h, french, friulan, galician, german, ngerman, swissgerman, monogreek, greek, h
ungarian, icelandic, assamese, bengali, gujarati, hindi, kannada, malayalam, ma
rathi, oriya, panjabi, tamil, telugu, indonesian, interlingua, irish, italian, 
kurmanji, latin, latvian, lithuanian, mongolian, mongolianlmc, bokmal, nynorsk,
 polish, portuguese, romanian, romansh, russian, sanskrit, serbian, serbianc, s
lovak, slovenian, spanish, swedish, turkish, turkmen, ukrainian, uppersorbian, 
welsh, loaded.
(/usr/local/texlive/2012/texmf-dist/tex/latex/revtex4/revtex4.cls
Document Class: revtex4 2001/08/02 v4.0 (http://publish.aps.org/revtex4/ for do
cumentation)
 Copyright (c) 2001 The American Physical Society.
 mailto:revtex@aps.org
 Licensed under the LPPL:
http://www.ctan.org/tex-archive/macros/latex/base/lppl.txt
 Arthur Ogawa <ogawa@teleport.com>
 Based on work by David Carlisle <david@dcarlisle.demon.co.uk>.
ltxutil: portions licensed from W. E. Baxter (web@superscript.com)
Class revtex4 Info: Repairing broken LateX \@sect on input line 596.
\intertabularlinepenalty=\count79
\@tbpen=\count80
\@arstrutbox@hline=\box26
Class revtex4 Info: Repairing broken LaTeX \@xbitor on input line 1610.
ltxgrid: portions licensed from W. E. Baxter (web@superscript.com)
\c@linecount=\count81
\output=\toks14
\@protection@box=\box27
\@topmark@saved=\toks15
\footins@saved=\box28
\pagesofar=\box29
\footbox=\box30
\pagegrid@col=\count82
Class revtex4 Info: Incorporating package {textcase}  [1998/11/12 v0.06 Text on
ly upper/lower case changing (DPC)]. on input line 3682.
(/usr/local/texlive/2012/texmf-dist/tex/latex/base/fleqn.clo
File: fleqn.clo 1998/08/17 v1.1c Standard LaTeX option (flush left equations)
\mathindent=\dimen102
)
(/usr/local/texlive/2012/texmf-dist/tex/latex/url/url.sty
\Urlmuskip=\muskip10
Package: url 2006/04/12  ver 3.3  Verb mode for urls, etc.
)
\c@affil=\count83
\absbox=\box31
\c@part=\count84
\c@section=\count85
\c@subsection=\count86
\c@subsubsection=\count87
\c@paragraph=\count88
\c@subparagraph=\count89
\abovecaptionskip=\skip41
\belowcaptionskip=\skip42
\c@figure=\count90
\c@table=\count91

(/usr/local/texlive/2012/texmf-dist/tex/latex/natbib/natbib.sty
Package: natbib 2010/09/13 8.31b (PWD, AO)
\bibhang=\skip43
\bibsep=\skip44
LaTeX Info: Redefining \cite on input line 694.
\c@NAT@ctr=\count92
)
\widetext@top=\box32
\widetext@bot=\box33

(/usr/local/texlive/2012/texmf-dist/tex/latex/revtex4/revsymb.sty
Package: revsymb 2001/08/02 v4.0 (http://publish.aps.org/revtex4/ for documenta
tion)
LaTeX Info: Redefining \REV@mathfrak on input line 118.
))
(/usr/local/texlive/2012/texmf-dist/tex/latex/revtex4/aps.rtx
File: aps.rtx 2001/08/02 v4.0 (http://publish.aps.org/revtex4/ for documentatio
n)
)
(/usr/local/texlive/2012/texmf-dist/tex/latex/revtex4/10pt.rtx
File: 10pt.rtx 2001/08/02 v4.0 (http://publish.aps.org/revtex4/ for documentati
on)
)
(/usr/local/texlive/2012/texmf-dist/tex/latex/base/ifthen.sty
Package: ifthen 2001/05/26 v1.1c Standard LaTeX ifthen package (DPC)
)
(/usr/local/texlive/2012/texmf-dist/tex/generic/oberdiek/ifpdf.sty
Package: ifpdf 2011/01/30 v2.3 Provides the ifpdf switch (HO)
Package ifpdf Info: pdfTeX in PDF mode is detected.
)
(/usr/local/texlive/2012/texmf-dist/tex/latex/graphics/color.sty
Package: color 2005/11/14 v1.0j Standard LaTeX Color (DPC)

(/usr/local/texlive/2012/texmf-dist/tex/latex/latexconfig/color.cfg
File: color.cfg 2007/01/18 v1.5 color configuration of teTeX/TeXLive
)
Package color Info: Driver file: pdftex.def on input line 130.

(/usr/local/texlive/2012/texmf-dist/tex/latex/pdftex-def/pdftex.def
File: pdftex.def 2011/05/27 v0.06d Graphics/color for pdfTeX

(/usr/local/texlive/2012/texmf-dist/tex/generic/oberdiek/infwarerr.sty
Package: infwarerr 2010/04/08 v1.3 Providing info/warning/error messages (HO)
)
(/usr/local/texlive/2012/texmf-dist/tex/generic/oberdiek/ltxcmds.sty
Package: ltxcmds 2011/11/09 v1.22 LaTeX kernel commands for general use (HO)
)
\Gread@gobject=\count93
))
(/usr/local/texlive/2012/texmf-dist/tex/latex/graphics/graphicx.sty
Package: graphicx 1999/02/16 v1.0f Enhanced LaTeX Graphics (DPC,SPQR)

(/usr/local/texlive/2012/texmf-dist/tex/latex/graphics/keyval.sty
Package: keyval 1999/03/16 v1.13 key=value parser (DPC)
\KV@toks@=\toks16
)
(/usr/local/texlive/2012/texmf-dist/tex/latex/graphics/graphics.sty
Package: graphics 2009/02/05 v1.0o Standard LaTeX Graphics (DPC,SPQR)

(/usr/local/texlive/2012/texmf-dist/tex/latex/graphics/trig.sty
Package: trig 1999/03/16 v1.09 sin cos tan (DPC)
)
(/usr/local/texlive/2012/texmf-dist/tex/latex/latexconfig/graphics.cfg
File: graphics.cfg 2010/04/23 v1.9 graphics configuration of TeX Live
)
Package graphics Info: Driver file: pdftex.def on input line 91.
)
\Gin@req@height=\dimen103
\Gin@req@width=\dimen104
)
(/usr/local/texlive/2012/texmf-dist/tex/latex/graphics/epsfig.sty
Package: epsfig 1999/02/16 v1.7a (e)psfig emulation (SPQR)
\epsfxsize=\dimen105
\epsfysize=\dimen106
)
(/usr/local/texlive/2012/texmf-dist/tex/latex/base/latexsym.sty
Package: latexsym 1998/08/17 v2.2e Standard LaTeX package (lasy symbols)
\symlasy=\mathgroup4
LaTeX Font Info:    Overwriting symbol font `lasy' in version `bold'
(Font)                  U/lasy/m/n --> U/lasy/b/n on input line 47.
)
(/usr/local/texlive/2012/texmf-dist/tex/latex/amsmath/amsmath.sty
Package: amsmath 2000/07/18 v2.13 AMS math features
\@mathmargin=\skip45

For additional information on amsmath, use the `?' option.
(/usr/local/texlive/2012/texmf-dist/tex/latex/amsmath/amstext.sty
Package: amstext 2000/06/29 v2.01

(/usr/local/texlive/2012/texmf-dist/tex/latex/amsmath/amsgen.sty
File: amsgen.sty 1999/11/30 v2.0
\@emptytoks=\toks17
\ex@=\dimen107
))
(/usr/local/texlive/2012/texmf-dist/tex/latex/amsmath/amsbsy.sty
Package: amsbsy 1999/11/29 v1.2d
\pmbraise@=\dimen108
)
(/usr/local/texlive/2012/texmf-dist/tex/latex/amsmath/amsopn.sty
Package: amsopn 1999/12/14 v2.01 operator names
)
\inf@bad=\count94
LaTeX Info: Redefining \frac on input line 211.
\uproot@=\count95
\leftroot@=\count96
LaTeX Info: Redefining \overline on input line 307.
\classnum@=\count97
\DOTSCASE@=\count98
LaTeX Info: Redefining \ldots on input line 379.
LaTeX Info: Redefining \dots on input line 382.
LaTeX Info: Redefining \cdots on input line 467.
\Mathstrutbox@=\box34
\strutbox@=\box35
\big@size=\dimen109
LaTeX Font Info:    Redeclaring font encoding OML on input line 567.
LaTeX Font Info:    Redeclaring font encoding OMS on input line 568.
\macc@depth=\count99
\c@MaxMatrixCols=\count100
\dotsspace@=\muskip11
\c@parentequation=\count101
\dspbrk@lvl=\count102
\tag@help=\toks18
\row@=\count103
\column@=\count104
\maxfields@=\count105
\andhelp@=\toks19
\eqnshift@=\dimen110
\alignsep@=\dimen111
\tagshift@=\dimen112
\tagwidth@=\dimen113
\totwidth@=\dimen114
\lineht@=\dimen115
\@envbody=\toks20
\multlinegap=\skip46
\multlinetaggap=\skip47
\mathdisplay@stack=\toks21
LaTeX Info: Redefining \[ on input line 2666.
LaTeX Info: Redefining \] on input line 2667.
)
(/usr/local/texlive/2012/texmf-dist/tex/latex/amsfonts/amssymb.sty
Package: amssymb 2009/06/22 v3.00

(/usr/local/texlive/2012/texmf-dist/tex/latex/amsfonts/amsfonts.sty
Package: amsfonts 2009/06/22 v3.00 Basic AMSFonts support
\symAMSa=\mathgroup5
\symAMSb=\mathgroup6
LaTeX Font Info:    Overwriting math alphabet `\mathfrak' in version `bold'
(Font)                  U/euf/m/n --> U/euf/b/n on input line 96.
LaTeX Info: Redefining \frak on input line 99.
LaTeX Info: Redefining \Bbb on input line 101.
))
(/usr/local/texlive/2012/texmf-dist/tex/latex/tools/bm.sty
Package: bm 2004/02/26 v1.1c Bold Symbol Support (DPC/FMi)
\symboldoperators=\mathgroup7
\symboldletters=\mathgroup8
\symboldsymbols=\mathgroup9
\symboldlasy=\mathgroup10
LaTeX Font Info:    Redeclaring math alphabet \mathbf on input line 138.
LaTeX Info: Redefining \bm on input line 204.
)
(/usr/local/texlive/2012/texmf-dist/tex/latex/wasysym/wasysym.sty
Package: wasysym 2003/10/30 v2.0 Wasy-2 symbol support package
\symwasy=\mathgroup11
LaTeX Font Info:    Overwriting symbol font `wasy' in version `bold'
(Font)                  U/wasy/m/n --> U/wasy/b/n on input line 90.
)
(./neg_doron.aux

LaTeX Warning: Label `e1' multiply defined.

)
\openout1 = `neg_doron.aux'.

LaTeX Font Info:    Checking defaults for OML/cmm/m/it on input line 116.
LaTeX Font Info:    ... okay on input line 116.
LaTeX Font Info:    Checking defaults for T1/cmr/m/n on input line 116.
LaTeX Font Info:    ... okay on input line 116.
LaTeX Font Info:    Checking defaults for OT1/cmr/m/n on input line 116.
LaTeX Font Info:    ... okay on input line 116.
LaTeX Font Info:    Checking defaults for OMS/cmsy/m/n on input line 116.
LaTeX Font Info:    ... okay on input line 116.
LaTeX Font Info:    Checking defaults for OMX/cmex/m/n on input line 116.
LaTeX Font Info:    ... okay on input line 116.
LaTeX Font Info:    Checking defaults for U/cmr/m/n on input line 116.
LaTeX Font Info:    ... okay on input line 116.
Class revtex4 Info: Patching LaTeX tabular. on input line 116.
Class revtex4 Info: cite was not loaded (OK!) on input line 116.
Class revtex4 Info: multicol was not loaded (OK!) on input line 116.
 (/usr/local/texlive/2012/texmf-dist/tex/context/base/supp-pdf.mkii
[Loading MPS to PDF converter (version 2006.09.02).]
\scratchcounter=\count106
\scratchdimen=\dimen116
\scratchbox=\box36
\nofMPsegments=\count107
\nofMParguments=\count108
\everyMPshowfont=\toks22
\MPscratchCnt=\count109
\MPscratchDim=\dimen117
\MPnumerator=\count110
\makeMPintoPDFobject=\count111
\everyMPtoPDFconversion=\toks23
) (/usr/local/texlive/2012/texmf-dist/tex/generic/oberdiek/pdftexcmds.sty
Package: pdftexcmds 2011/11/29 v0.20 Utility functions of pdfTeX for LuaTeX (HO
)

(/usr/local/texlive/2012/texmf-dist/tex/generic/oberdiek/ifluatex.sty
Package: ifluatex 2010/03/01 v1.3 Provides the ifluatex switch (HO)
Package ifluatex Info: LuaTeX not detected.
)
Package pdftexcmds Info: LuaTeX not detected.
Package pdftexcmds Info: \pdf@primitive is available.
Package pdftexcmds Info: \pdf@ifprimitive is available.
Package pdftexcmds Info: \pdfdraftmode found.
)
(/usr/local/texlive/2012/texmf-dist/tex/latex/oberdiek/epstopdf-base.sty
Package: epstopdf-base 2010/02/09 v2.5 Base part for package epstopdf

(/usr/local/texlive/2012/texmf-dist/tex/latex/oberdiek/grfext.sty
Package: grfext 2010/08/19 v1.1 Manage graphics extensions (HO)

(/usr/local/texlive/2012/texmf-dist/tex/generic/oberdiek/kvdefinekeys.sty
Package: kvdefinekeys 2011/04/07 v1.3 Define keys (HO)
))
(/usr/local/texlive/2012/texmf-dist/tex/latex/oberdiek/kvoptions.sty
Package: kvoptions 2011/06/30 v3.11 Key value format for package options (HO)

(/usr/local/texlive/2012/texmf-dist/tex/generic/oberdiek/kvsetkeys.sty
Package: kvsetkeys 2012/04/25 v1.16 Key value parser (HO)

(/usr/local/texlive/2012/texmf-dist/tex/generic/oberdiek/etexcmds.sty
Package: etexcmds 2011/02/16 v1.5 Avoid name clashes with e-TeX commands (HO)
Package etexcmds Info: Could not find \expanded.
(etexcmds)             That can mean that you are not using pdfTeX 1.50 or
(etexcmds)             that some package has redefined \expanded.
(etexcmds)             In the latter case, load this package earlier.
)))
Package grfext Info: Graphics extension search list:
(grfext)             [.png,.pdf,.jpg,.mps,.jpeg,.jbig2,.jb2,.PNG,.PDF,.JPG,.JPE
G,.JBIG2,.JB2,.eps]
(grfext)             \AppendGraphicsExtensions on input line 452.

(/usr/local/texlive/2012/texmf-dist/tex/latex/latexconfig/epstopdf-sys.cfg
File: epstopdf-sys.cfg 2010/07/13 v1.3 Configuration of (r)epstopdf for TeX Liv
e
))
LaTeX Font Info:    Try loading font information for U+lasy on input line 131.

(/usr/local/texlive/2012/texmf-dist/tex/latex/base/ulasy.fd
File: ulasy.fd 1998/08/17 v2.2e LaTeX symbol font definitions
)
LaTeX Font Info:    Try loading font information for U+msa on input line 131.

(/usr/local/texlive/2012/texmf-dist/tex/latex/amsfonts/umsa.fd
File: umsa.fd 2009/06/22 v3.00 AMS symbols A
)
LaTeX Font Info:    Try loading font information for U+msb on input line 131.

(/usr/local/texlive/2012/texmf-dist/tex/latex/amsfonts/umsb.fd
File: umsb.fd 2009/06/22 v3.00 AMS symbols B
)
LaTeX Font Info:    Font shape `U/lasy/b/n' in size <7> not available
(Font)              Font shape `U/lasy/m/n' tried instead on input line 131.
LaTeX Font Info:    Font shape `U/lasy/b/n' in size <5> not available
(Font)              Font shape `U/lasy/m/n' tried instead on input line 131.
LaTeX Font Info:    Try loading font information for U+wasy on input line 131.

(/usr/local/texlive/2012/texmf-dist/tex/latex/wasysym/uwasy.fd
File: uwasy.fd 2003/10/30 v2.0 Wasy-2 symbol font definitions
) [1{/usr/local/texlive/2012/texmf-var/fonts/map/pdftex/updmap/pdftex.map}]
Package epstopdf Info: Source file: <.//Figs/vD.eps>
(epstopdf)                    date: 2015-01-13 18:21:05
(epstopdf)                    size: 53084 bytes
(epstopdf)             Output file: <.//Figs/vD-eps-converted-to.pdf>
(epstopdf)                    date: 2015-01-13 18:21:09
(epstopdf)                    size: 33982 bytes
(epstopdf)             Command: <repstopdf --outfile=.//Figs/vD-eps-converted-t
o.pdf .//Figs/vD.eps>
(epstopdf)             \includegraphics on input line 229.
Package epstopdf Info: Output file is already uptodate.

<.//Figs/vD-eps-converted-to.pdf, id=20, 530.98375pt x 413.545pt>
File: .//Figs/vD-eps-converted-to.pdf Graphic file (type pdf)

<use .//Figs/vD-eps-converted-to.pdf>
Package pdftex.def Info: .//Figs/vD-eps-converted-to.pdf used on input line 229
.
(pdftex.def)             Requested size: 255.73622pt x 199.16928pt.
LaTeX Font Info:    Font shape `U/lasy/b/n' in size <9> not available
(Font)              Font shape `U/lasy/m/n' tried instead on input line 236.
LaTeX Font Info:    Font shape `U/lasy/b/n' in size <6> not available
(Font)              Font shape `U/lasy/m/n' tried instead on input line 236.
Package epstopdf Info: Source file: <.//Figs/vD_vDinf_1.eps>
(epstopdf)                    date: 2015-01-14 17:26:03
(epstopdf)                    size: 12279 bytes
(epstopdf)             Output file: <.//Figs/vD_vDinf_1-eps-converted-to.pdf>
(epstopdf)                    date: 2015-01-14 17:26:08
(epstopdf)                    size: 8782 bytes
(epstopdf)             Command: <repstopdf --outfile=.//Figs/vD_vDinf_1-eps-con
verted-to.pdf .//Figs/vD_vDinf_1.eps>
(epstopdf)             \includegraphics on input line 260.
Package epstopdf Info: Output file is already uptodate.

<.//Figs/vD_vDinf_1-eps-converted-to.pdf, id=21, 468.75125pt x 438.63875pt>
File: .//Figs/vD_vDinf_1-eps-converted-to.pdf Graphic file (type pdf)

<use .//Figs/vD_vDinf_1-eps-converted-to.pdf>
Package pdftex.def Info: .//Figs/vD_vDinf_1-eps-converted-to.pdf used on input 
line 260.
(pdftex.def)             Requested size: 121.6221pt x 113.81102pt.
Package epstopdf Info: Source file: <.//Figs/vD_vDinf_2.eps>
(epstopdf)                    date: 2015-01-14 17:26:04
(epstopdf)                    size: 15481 bytes
(epstopdf)             Output file: <.//Figs/vD_vDinf_2-eps-converted-to.pdf>
(epstopdf)                    date: 2015-01-14 17:26:09
(epstopdf)                    size: 9125 bytes
(epstopdf)             Command: <repstopdf --outfile=.//Figs/vD_vDinf_2-eps-con
verted-to.pdf .//Figs/vD_vDinf_2.eps>
(epstopdf)             \includegraphics on input line 261.
Package epstopdf Info: Output file is already uptodate.

<.//Figs/vD_vDinf_2-eps-converted-to.pdf, id=22, 468.75125pt x 438.63875pt>
File: .//Figs/vD_vDinf_2-eps-converted-to.pdf Graphic file (type pdf)

<use .//Figs/vD_vDinf_2-eps-converted-to.pdf>
Package pdftex.def Info: .//Figs/vD_vDinf_2-eps-converted-to.pdf used on input 
line 261.
(pdftex.def)             Requested size: 121.6221pt x 113.81102pt.
Package epstopdf Info: Source file: <.//Figs/vD_vDinf_3.eps>
(epstopdf)                    date: 2015-01-14 17:26:05
(epstopdf)                    size: 14800 bytes
(epstopdf)             Output file: <.//Figs/vD_vDinf_3-eps-converted-to.pdf>
(epstopdf)                    date: 2015-01-14 17:26:10
(epstopdf)                    size: 9113 bytes
(epstopdf)             Command: <repstopdf --outfile=.//Figs/vD_vDinf_3-eps-con
verted-to.pdf .//Figs/vD_vDinf_3.eps>
(epstopdf)             \includegraphics on input line 262.
Package epstopdf Info: Output file is already uptodate.

<.//Figs/vD_vDinf_3-eps-converted-to.pdf, id=23, 468.75125pt x 438.63875pt>
File: .//Figs/vD_vDinf_3-eps-converted-to.pdf Graphic file (type pdf)

<use .//Figs/vD_vDinf_3-eps-converted-to.pdf>
Package pdftex.def Info: .//Figs/vD_vDinf_3-eps-converted-to.pdf used on input 
line 262.
(pdftex.def)             Requested size: 121.6221pt x 113.81102pt.
Package epstopdf Info: Source file: <.//Figs/vD_vDinf_4.eps>
(epstopdf)                    date: 2015-01-14 17:26:06
(epstopdf)                    size: 10810 bytes
(epstopdf)             Output file: <.//Figs/vD_vDinf_4-eps-converted-to.pdf>
(epstopdf)                    date: 2015-01-14 17:26:11
(epstopdf)                    size: 8100 bytes
(epstopdf)             Command: <repstopdf --outfile=.//Figs/vD_vDinf_4-eps-con
verted-to.pdf .//Figs/vD_vDinf_4.eps>
(epstopdf)             \includegraphics on input line 263.
Package epstopdf Info: Output file is already uptodate.

<.//Figs/vD_vDinf_4-eps-converted-to.pdf, id=24, 468.75125pt x 438.63875pt>
File: .//Figs/vD_vDinf_4-eps-converted-to.pdf Graphic file (type pdf)

<use .//Figs/vD_vDinf_4-eps-converted-to.pdf>
Package pdftex.def Info: .//Figs/vD_vDinf_4-eps-converted-to.pdf used on input 
line 263.
(pdftex.def)             Requested size: 121.6221pt x 113.81102pt.
 [2 <.//Figs/vD-eps-converted-to.pdf> <.//Figs/vD_vDinf_1-eps-converted-to.pdf>
 <.//Figs/vD_vDinf_2-eps-converted-to.pdf> <.//Figs/vD_vDinf_3-eps-converted-to
.pdf> <.//Figs/vD_vDinf_4-eps-converted-to.pdf>]
Underfull \hbox (badness 10000) in paragraph at lines 317--318

 []


Underfull \hbox (badness 10000) in paragraph at lines 317--318

 []

Package epstopdf Info: Source file: <.//Figs/vDs_1.eps>
(epstopdf)                    date: 2015-01-13 18:30:42
(epstopdf)                    size: 11651 bytes
(epstopdf)             Output file: <.//Figs/vDs_1-eps-converted-to.pdf>
(epstopdf)                    date: 2015-01-13 18:31:05
(epstopdf)                    size: 8803 bytes
(epstopdf)             Command: <repstopdf --outfile=.//Figs/vDs_1-eps-converte
d-to.pdf .//Figs/vDs_1.eps>
(epstopdf)             \includegraphics on input line 322.
Package epstopdf Info: Output file is already uptodate.
<.//Figs/vDs_1-eps-converted-to.pdf, id=84, 468.75125pt x 438.63875pt>
File: .//Figs/vDs_1-eps-converted-to.pdf Graphic file (type pdf)

<use .//Figs/vDs_1-eps-converted-to.pdf>
Package pdftex.def Info: .//Figs/vDs_1-eps-converted-to.pdf used on input line 
322.
(pdftex.def)             Requested size: 121.6221pt x 113.81102pt.
Package epstopdf Info: Source file: <.//Figs/vDs_2.eps>
(epstopdf)                    date: 2015-01-13 18:30:43
(epstopdf)                    size: 13670 bytes
(epstopdf)             Output file: <.//Figs/vDs_2-eps-converted-to.pdf>
(epstopdf)                    date: 2015-01-13 18:31:06
(epstopdf)                    size: 9031 bytes
(epstopdf)             Command: <repstopdf --outfile=.//Figs/vDs_2-eps-converte
d-to.pdf .//Figs/vDs_2.eps>
(epstopdf)             \includegraphics on input line 323.
Package epstopdf Info: Output file is already uptodate.

<.//Figs/vDs_2-eps-converted-to.pdf, id=85, 468.75125pt x 438.63875pt>
File: .//Figs/vDs_2-eps-converted-to.pdf Graphic file (type pdf)

<use .//Figs/vDs_2-eps-converted-to.pdf>
Package pdftex.def Info: .//Figs/vDs_2-eps-converted-to.pdf used on input line 
323.
(pdftex.def)             Requested size: 121.6221pt x 113.81102pt.
Package epstopdf Info: Source file: <.//Figs/vDs_3.eps>
(epstopdf)                    date: 2015-01-13 18:30:43
(epstopdf)                    size: 14285 bytes
(epstopdf)             Output file: <.//Figs/vDs_3-eps-converted-to.pdf>
(epstopdf)                    date: 2015-01-13 18:31:07
(epstopdf)                    size: 8902 bytes
(epstopdf)             Command: <repstopdf --outfile=.//Figs/vDs_3-eps-converte
d-to.pdf .//Figs/vDs_3.eps>
(epstopdf)             \includegraphics on input line 324.
Package epstopdf Info: Output file is already uptodate.

<.//Figs/vDs_3-eps-converted-to.pdf, id=86, 468.75125pt x 438.63875pt>
File: .//Figs/vDs_3-eps-converted-to.pdf Graphic file (type pdf)

<use .//Figs/vDs_3-eps-converted-to.pdf>
Package pdftex.def Info: .//Figs/vDs_3-eps-converted-to.pdf used on input line 
324.
(pdftex.def)             Requested size: 121.6221pt x 113.81102pt.
Package epstopdf Info: Source file: <.//Figs/vDs_4.eps>
(epstopdf)                    date: 2015-01-13 18:30:44
(epstopdf)                    size: 13299 bytes
(epstopdf)             Output file: <.//Figs/vDs_4-eps-converted-to.pdf>
(epstopdf)                    date: 2015-01-13 18:31:08
(epstopdf)                    size: 8719 bytes
(epstopdf)             Command: <repstopdf --outfile=.//Figs/vDs_4-eps-converte
d-to.pdf .//Figs/vDs_4.eps>
(epstopdf)             \includegraphics on input line 325.
Package epstopdf Info: Output file is already uptodate.

<.//Figs/vDs_4-eps-converted-to.pdf, id=87, 468.75125pt x 438.63875pt>
File: .//Figs/vDs_4-eps-converted-to.pdf Graphic file (type pdf)

<use .//Figs/vDs_4-eps-converted-to.pdf>
Package pdftex.def Info: .//Figs/vDs_4-eps-converted-to.pdf used on input line 
325.
(pdftex.def)             Requested size: 121.6221pt x 113.81102pt.
Package epstopdf Info: Source file: <.//Figs/vhs_1.eps>
(epstopdf)                    date: 2015-01-13 18:30:27
(epstopdf)                    size: 11178 bytes
(epstopdf)             Output file: <.//Figs/vhs_1-eps-converted-to.pdf>
(epstopdf)                    date: 2015-01-13 18:31:09
(epstopdf)                    size: 8321 bytes
(epstopdf)             Command: <repstopdf --outfile=.//Figs/vhs_1-eps-converte
d-to.pdf .//Figs/vhs_1.eps>
(epstopdf)             \includegraphics on input line 328.
Package epstopdf Info: Output file is already uptodate.

<.//Figs/vhs_1-eps-converted-to.pdf, id=88, 468.75125pt x 438.63875pt>
File: .//Figs/vhs_1-eps-converted-to.pdf Graphic file (type pdf)

<use .//Figs/vhs_1-eps-converted-to.pdf>
Package pdftex.def Info: .//Figs/vhs_1-eps-converted-to.pdf used on input line 
328.
(pdftex.def)             Requested size: 121.6221pt x 113.81102pt.
Package epstopdf Info: Source file: <.//Figs/vhs_2.eps>
(epstopdf)                    date: 2015-01-13 18:30:27
(epstopdf)                    size: 13469 bytes
(epstopdf)             Output file: <.//Figs/vhs_2-eps-converted-to.pdf>
(epstopdf)                    date: 2015-01-13 18:31:09
(epstopdf)                    size: 9013 bytes
(epstopdf)             Command: <repstopdf --outfile=.//Figs/vhs_2-eps-converte
d-to.pdf .//Figs/vhs_2.eps>
(epstopdf)             \includegraphics on input line 329.
Package epstopdf Info: Output file is already uptodate.

<.//Figs/vhs_2-eps-converted-to.pdf, id=89, 468.75125pt x 438.63875pt>
File: .//Figs/vhs_2-eps-converted-to.pdf Graphic file (type pdf)

<use .//Figs/vhs_2-eps-converted-to.pdf>
Package pdftex.def Info: .//Figs/vhs_2-eps-converted-to.pdf used on input line 
329.
(pdftex.def)             Requested size: 121.6221pt x 113.81102pt.
Package epstopdf Info: Source file: <.//Figs/vhs_3.eps>
(epstopdf)                    date: 2015-01-13 18:30:28
(epstopdf)                    size: 14840 bytes
(epstopdf)             Output file: <.//Figs/vhs_3-eps-converted-to.pdf>
(epstopdf)                    date: 2015-01-13 18:31:10
(epstopdf)                    size: 9167 bytes
(epstopdf)             Command: <repstopdf --outfile=.//Figs/vhs_3-eps-converte
d-to.pdf .//Figs/vhs_3.eps>
(epstopdf)             \includegraphics on input line 330.
Package epstopdf Info: Output file is already uptodate.

<.//Figs/vhs_3-eps-converted-to.pdf, id=90, 468.75125pt x 438.63875pt>
File: .//Figs/vhs_3-eps-converted-to.pdf Graphic file (type pdf)

<use .//Figs/vhs_3-eps-converted-to.pdf>
Package pdftex.def Info: .//Figs/vhs_3-eps-converted-to.pdf used on input line 
330.
(pdftex.def)             Requested size: 121.6221pt x 113.81102pt.
Package epstopdf Info: Source file: <.//Figs/vhs_4.eps>
(epstopdf)                    date: 2015-01-13 18:30:29
(epstopdf)                    size: 14369 bytes
(epstopdf)             Output file: <.//Figs/vhs_4-eps-converted-to.pdf>
(epstopdf)                    date: 2015-01-13 18:31:11
(epstopdf)                    size: 9020 bytes
(epstopdf)             Command: <repstopdf --outfile=.//Figs/vhs_4-eps-converte
d-to.pdf .//Figs/vhs_4.eps>
(epstopdf)             \includegraphics on input line 331.
Package epstopdf Info: Output file is already uptodate.

<.//Figs/vhs_4-eps-converted-to.pdf, id=91, 468.75125pt x 438.63875pt>
File: .//Figs/vhs_4-eps-converted-to.pdf Graphic file (type pdf)

<use .//Figs/vhs_4-eps-converted-to.pdf>
Package pdftex.def Info: .//Figs/vhs_4-eps-converted-to.pdf used on input line 
331.
(pdftex.def)             Requested size: 121.6221pt x 113.81102pt.
 [3 <.//Figs/vDs_1-eps-converted-to.pdf> <.//Figs/vDs_2-eps-converted-to.pdf> <
.//Figs/vDs_3-eps-converted-to.pdf> <.//Figs/vDs_4-eps-converted-to.pdf> <.//Fi
gs/vhs_1-eps-converted-to.pdf> <.//Figs/vhs_2-eps-converted-to.pdf> <.//Figs/vh
s_3-eps-converted-to.pdf> <.//Figs/vhs_4-eps-converted-to.pdf>]
Underfull \hbox (badness 10000) in paragraph at lines 378--379

 []


Underfull \hbox (badness 10000) in paragraph at lines 378--379

 []

Package epstopdf Info: Source file: <.//Figs/g_lambda_M.eps>
(epstopdf)                    date: 2015-01-21 10:46:13
(epstopdf)                    size: 22701 bytes
(epstopdf)             Output file: <.//Figs/g_lambda_M-eps-converted-to.pdf>
(epstopdf)                    date: 2015-01-21 10:46:18
(epstopdf)                    size: 19486 bytes
(epstopdf)             Command: <repstopdf --outfile=.//Figs/g_lambda_M-eps-con
verted-to.pdf .//Figs/g_lambda_M.eps>
(epstopdf)             \includegraphics on input line 383.
Package epstopdf Info: Output file is already uptodate.
<.//Figs/g_lambda_M-eps-converted-to.pdf, id=184, 533.995pt x 419.5675pt>
File: .//Figs/g_lambda_M-eps-converted-to.pdf Graphic file (type pdf)

<use .//Figs/g_lambda_M-eps-converted-to.pdf>
Package pdftex.def Info: .//Figs/g_lambda_M-eps-converted-to.pdf used on input 
line 383.
(pdftex.def)             Requested size: 253.48729pt x 199.16928pt.
 [4 <.//Figs/g_lambda_M-eps-converted-to.pdf>]
Package epstopdf Info: Source file: <.//Figs/num_cplx.eps>
(epstopdf)                    date: 2015-01-21 12:28:57
(epstopdf)                    size: 95721 bytes
(epstopdf)             Output file: <.//Figs/num_cplx-eps-converted-to.pdf>
(epstopdf)                    date: 2015-01-21 12:29:05
(epstopdf)                    size: 14153 bytes
(epstopdf)             Command: <repstopdf --outfile=.//Figs/num_cplx-eps-conve
rted-to.pdf .//Figs/num_cplx.eps>
(epstopdf)             \includegraphics on input line 422.
Package epstopdf Info: Output file is already uptodate.

<.//Figs/num_cplx-eps-converted-to.pdf, id=200, 533.995pt x 419.5675pt>
File: .//Figs/num_cplx-eps-converted-to.pdf Graphic file (type pdf)

<use .//Figs/num_cplx-eps-converted-to.pdf>
Package pdftex.def Info: .//Figs/num_cplx-eps-converted-to.pdf used on input li
ne 422.
(pdftex.def)             Requested size: 253.48729pt x 199.16928pt.
 [5 <.//Figs/num_cplx-eps-converted-to.pdf>]
Package epstopdf Info: Source file: <.//Figs/kappa_1.eps>
(epstopdf)                    date: 2015-01-22 14:48:51
(epstopdf)                    size: 92716 bytes
(epstopdf)             Output file: <.//Figs/kappa_1-eps-converted-to.pdf>
(epstopdf)                    date: 2015-01-22 14:49:00
(epstopdf)                    size: 45869 bytes
(epstopdf)             Command: <repstopdf --outfile=.//Figs/kappa_1-eps-conver
ted-to.pdf .//Figs/kappa_1.eps>
(epstopdf)             \includegraphics on input line 487.
Package epstopdf Info: Output file is already uptodate.

<.//Figs/kappa_1-eps-converted-to.pdf, id=209, 534.99875pt x 419.5675pt>
File: .//Figs/kappa_1-eps-converted-to.pdf Graphic file (type pdf)

<use .//Figs/kappa_1-eps-converted-to.pdf>
Package pdftex.def Info: .//Figs/kappa_1-eps-converted-to.pdf used on input lin
e 487.
(pdftex.def)             Requested size: 253.96378pt x 199.16928pt.
Package epstopdf Info: Source file: <.//Figs/kappa_4a.eps>
(epstopdf)                    date: 2015-01-22 15:04:24
(epstopdf)                    size: 110302 bytes
(epstopdf)             Output file: <.//Figs/kappa_4a-eps-converted-to.pdf>
(epstopdf)                    date: 2015-01-22 15:04:49
(epstopdf)                    size: 31668 bytes
(epstopdf)             Command: <repstopdf --outfile=.//Figs/kappa_4a-eps-conve
rted-to.pdf .//Figs/kappa_4a.eps>
(epstopdf)             \includegraphics on input line 501.
Package epstopdf Info: Output file is already uptodate.

<.//Figs/kappa_4a-eps-converted-to.pdf, id=210, 520.94624pt x 405.515pt>
File: .//Figs/kappa_4a-eps-converted-to.pdf Graphic file (type pdf)

<use .//Figs/kappa_4a-eps-converted-to.pdf>
Package pdftex.def Info: .//Figs/kappa_4a-eps-converted-to.pdf used on input li
ne 501.
(pdftex.def)             Requested size: 182.76315pt x 142.26378pt.
Package epstopdf Info: Source file: <.//Figs/kappa_4.eps>
(epstopdf)                    date: 2015-01-22 15:01:49
(epstopdf)                    size: 99917 bytes
(epstopdf)             Output file: <.//Figs/kappa_4-eps-converted-to.pdf>
(epstopdf)                    date: 2015-01-22 15:02:22
(epstopdf)                    size: 49749 bytes
(epstopdf)             Command: <repstopdf --outfile=.//Figs/kappa_4-eps-conver
ted-to.pdf .//Figs/kappa_4.eps>
(epstopdf)             \includegraphics on input line 502.
Package epstopdf Info: Output file is already uptodate.

<.//Figs/kappa_4-eps-converted-to.pdf, id=211, 522.95375pt x 419.5675pt>
File: .//Figs/kappa_4-eps-converted-to.pdf Graphic file (type pdf)

<use .//Figs/kappa_4-eps-converted-to.pdf>
Package pdftex.def Info: .//Figs/kappa_4-eps-converted-to.pdf used on input lin
e 502.
(pdftex.def)             Requested size: 177.31516pt x 142.26378pt.
 [6 <.//Figs/kappa_1-eps-converted-to.pdf> <.//Figs/kappa_4a-eps-converted-to.p
df> <.//Figs/kappa_4-eps-converted-to.pdf>] (./neg_doron.aux)

LaTeX Warning: There were multiply-defined labels.

 ) 
Here is how much of TeX's memory you used:
 4485 strings out of 493488
 59368 string characters out of 3141326
 136618 words of memory out of 3000000
 7673 multiletter control sequences out of 15000+200000
 16046 words of font info for 64 fonts, out of 3000000 for 9000
 957 hyphenation exceptions out of 8191
 38i,21n,24p,480b,326s stack positions out of 5000i,500n,10000p,200000b,50000s
</usr/local/texlive/2012/texmf-dist/fonts/type1/public/amsfonts/cm/cmbx12.pfb
></usr/local/texlive/2012/texmf-dist/fonts/type1/public/amsfonts/cm/cmbx9.pfb><
/usr/local/texlive/2012/texmf-dist/fonts/type1/public/amsfonts/cm/cmex10.pfb></
usr/local/texlive/2012/texmf-dist/fonts/type1/public/amsfonts/cm/cmmi10.pfb></u
sr/local/texlive/2012/texmf-dist/fonts/type1/public/amsfonts/cm/cmmi5.pfb></usr
/local/texlive/2012/texmf-dist/fonts/type1/public/amsfonts/cm/cmmi6.pfb></usr/l
ocal/texlive/2012/texmf-dist/fonts/type1/public/amsfonts/cm/cmmi7.pfb></usr/loc
al/texlive/2012/texmf-dist/fonts/type1/public/amsfonts/cm/cmmi9.pfb></usr/local
/texlive/2012/texmf-dist/fonts/type1/public/amsfonts/cm/cmr10.pfb></usr/local/t
exlive/2012/texmf-dist/fonts/type1/public/amsfonts/cm/cmr6.pfb></usr/local/texl
ive/2012/texmf-dist/fonts/type1/public/amsfonts/cm/cmr7.pfb></usr/local/texlive
/2012/texmf-dist/fonts/type1/public/amsfonts/cm/cmr9.pfb></usr/local/texlive/20
12/texmf-dist/fonts/type1/public/amsfonts/cm/cmsy10.pfb></usr/local/texlive/201
2/texmf-dist/fonts/type1/public/amsfonts/cm/cmsy5.pfb></usr/local/texlive/2012/
texmf-dist/fonts/type1/public/amsfonts/cm/cmsy6.pfb></usr/local/texlive/2012/te
xmf-dist/fonts/type1/public/amsfonts/cm/cmsy7.pfb></usr/local/texlive/2012/texm
f-dist/fonts/type1/public/amsfonts/cm/cmsy9.pfb></usr/local/texlive/2012/texmf-
dist/fonts/type1/public/amsfonts/cm/cmti10.pfb></usr/local/texlive/2012/texmf-d
ist/fonts/type1/public/amsfonts/cm/cmti9.pfb></usr/local/texlive/2012/texmf-dis
t/fonts/type1/public/amsfonts/symbols/msam7.pfb>
Output written on neg_doron.pdf (6 pages, 452012 bytes).
PDF statistics:
 309 PDF objects out of 1000 (max. 8388607)
 213 compressed objects within 3 object streams
 0 named destinations out of 1000 (max. 500000)
 91 words of extra memory for PDF output out of 10000 (max. 10000000)

