\BOOKMARK [1][-]{section*.1}{Extended introduction}{}% 1
\BOOKMARK [1][-]{section*.2}{Stochastic spreading}{}% 2
\BOOKMARK [1][-]{section*.3}{Scope}{}% 3
\BOOKMARK [1][-]{section*.4}{The secular equation}{}% 4
\BOOKMARK [1][-]{section*.5}{The \040spectrum}{}% 5
\BOOKMARK [1][-]{section*.6}{The \040spectrum}{}% 6
\BOOKMARK [1][-]{section*.7}{Complexity saturation}{}% 7
\BOOKMARK [1][-]{section*.8}{Treatment of special cases}{}% 8
\BOOKMARK [2][-]{section*.9}{Determination of sc - Random resistor network with uniform field}{section*.8}% 9
\BOOKMARK [2][-]{section*.10}{Determination of sc - white vs. sparse field disorder}{section*.8}% 10
\BOOKMARK [2][-]{section*.11}{Determination of sc - weak link}{section*.8}% 11
\BOOKMARK [1][-]{section*.12}{The relaxation rate}{}% 12
\BOOKMARK [1][-]{section*.13}{References}{}% 13
\BOOKMARK [1][-]{section*.14}{Acknowledgements}{}% 14
\BOOKMARK [1][-]{section*.15}{The NESS formula}{}% 15
\BOOKMARK [1][-]{section*.16}{The \040parameter}{}% 16
\BOOKMARK [1][-]{section*.17}{The definition of s}{}% 17
\BOOKMARK [1][-]{section*.18}{The Poisson limit}{}% 18
\BOOKMARK [1][-]{section*.19}{ The similarity transformation \(definition of H\)}{}% 19
\BOOKMARK [1][-]{section*.20}{The formula for the spectral determinant}{}% 20
\BOOKMARK [1][-]{section*.21}{Definition of conservative property}{}% 21
\BOOKMARK [1][-]{section*.22}{Finding the sign of V'\(0\)}{}% 22
\BOOKMARK [1][-]{section*.23}{Step by step electrostatics}{}% 23
\BOOKMARK [1][-]{section*.24}{Clean ring}{}% 24
\BOOKMARK [1][-]{section*.25}{Continuous ring}{}% 25
\BOOKMARK [1][-]{section*.26}{Ring with weak link "g"}{}% 26
\BOOKMARK [1][-]{section*.27}{Ring with weak link - Electrostatic reconstruction of the secular equation}{}% 27
\BOOKMARK [1][-]{section*.28}{Ring with single field defect}{}% 28
\BOOKMARK [1][-]{section*.29}{Ring with white disorder \(French\) }{}% 29
