This is pdfTeX, Version 3.14159265-2.6-1.40.16 (TeX Live 2015) (preloaded format=pdflatex 2015.10.6)  11 NOV 2015 09:54
entering extended mode
 \write18 enabled.
 file:line:error style messages enabled.
 %&-line parsing enabled.
**neg_Nature.tex
(./neg_Nature.tex
LaTeX2e <2015/01/01>
Babel <3.9l> and hyphenation patterns for 79 languages loaded.
(/usr/local/texlive/2015/texmf-dist/tex/latex/revtex4/revtex4.cls
Document Class: revtex4 2001/08/02 v4.0 (http://publish.aps.org/revtex4/ for do
cumentation)
 Copyright (c) 2001 The American Physical Society.
 mailto:revtex@aps.org
 Licensed under the LPPL:
http://www.ctan.org/tex-archive/macros/latex/base/lppl.txt
 Arthur Ogawa <ogawa@teleport.com>
 Based on work by David Carlisle <david@dcarlisle.demon.co.uk>.
ltxutil: portions licensed from W. E. Baxter (web@superscript.com)
Class revtex4 Info: Repairing broken LateX \@sect on input line 596.
\intertabularlinepenalty=\count79
\@tbpen=\count80
\@arstrutbox@hline=\box26
Class revtex4 Info: Repairing broken LaTeX \@xbitor on input line 1610.
ltxgrid: portions licensed from W. E. Baxter (web@superscript.com)
\c@linecount=\count81
\output=\toks14
\@protection@box=\box27
\@topmark@saved=\toks15
\footins@saved=\box28
\pagesofar=\box29
\footbox=\box30
\pagegrid@col=\count82
Class revtex4 Info: Incorporating package {textcase}  [1998/11/12 v0.06 Text on
ly upper/lower case changing (DPC)]. on input line 3682.
(/usr/local/texlive/2015/texmf-dist/tex/latex/url/url.sty
\Urlmuskip=\muskip10
Package: url 2013/09/16  ver 3.4  Verb mode for urls, etc.
)
\c@affil=\count83
\absbox=\box31
\c@part=\count84
\c@section=\count85
\c@subsection=\count86
\c@subsubsection=\count87
\c@paragraph=\count88
\c@subparagraph=\count89
\abovecaptionskip=\skip41
\belowcaptionskip=\skip42
\c@figure=\count90
\c@table=\count91

(/usr/local/texlive/2015/texmf-dist/tex/latex/natbib/natbib.sty
Package: natbib 2010/09/13 8.31b (PWD, AO)
\bibhang=\skip43
\bibsep=\skip44
LaTeX Info: Redefining \cite on input line 694.
\c@NAT@ctr=\count92
)
\widetext@top=\box32
\widetext@bot=\box33

(/usr/local/texlive/2015/texmf-dist/tex/latex/revtex4/revsymb.sty
Package: revsymb 2001/08/02 v4.0 (http://publish.aps.org/revtex4/ for documenta
tion)
LaTeX Info: Redefining \REV@mathfrak on input line 118.
))
(/usr/local/texlive/2015/texmf-dist/tex/latex/revtex4/aps.rtx
File: aps.rtx 2001/08/02 v4.0 (http://publish.aps.org/revtex4/ for documentatio
n)
)
(/usr/local/texlive/2015/texmf-dist/tex/latex/revtex4/10pt.rtx
File: 10pt.rtx 2001/08/02 v4.0 (http://publish.aps.org/revtex4/ for documentati
on)
)
(/usr/local/texlive/2015/texmf-dist/tex/latex/base/ifthen.sty
Package: ifthen 2014/09/29 v1.1c Standard LaTeX ifthen package (DPC)
)
(/usr/local/texlive/2015/texmf-dist/tex/generic/oberdiek/ifpdf.sty
Package: ifpdf 2011/01/30 v2.3 Provides the ifpdf switch (HO)
Package ifpdf Info: pdfTeX in PDF mode is detected.
)
(/usr/local/texlive/2015/texmf-dist/tex/latex/graphics/color.sty
Package: color 2014/10/28 v1.1a Standard LaTeX Color (DPC)

(/usr/local/texlive/2015/texmf-dist/tex/latex/latexconfig/color.cfg
File: color.cfg 2007/01/18 v1.5 color configuration of teTeX/TeXLive
)
Package color Info: Driver file: pdftex.def on input line 142.

(/usr/local/texlive/2015/texmf-dist/tex/latex/pdftex-def/pdftex.def
File: pdftex.def 2011/05/27 v0.06d Graphics/color for pdfTeX

(/usr/local/texlive/2015/texmf-dist/tex/generic/oberdiek/infwarerr.sty
Package: infwarerr 2010/04/08 v1.3 Providing info/warning/error messages (HO)
)
(/usr/local/texlive/2015/texmf-dist/tex/generic/oberdiek/ltxcmds.sty
Package: ltxcmds 2011/11/09 v1.22 LaTeX kernel commands for general use (HO)
)
\Gread@gobject=\count93
))
(/usr/local/texlive/2015/texmf-dist/tex/latex/graphics/graphicx.sty
Package: graphicx 2014/10/28 v1.0g Enhanced LaTeX Graphics (DPC,SPQR)

(/usr/local/texlive/2015/texmf-dist/tex/latex/graphics/keyval.sty
Package: keyval 2014/10/28 v1.15 key=value parser (DPC)
\KV@toks@=\toks16
)
(/usr/local/texlive/2015/texmf-dist/tex/latex/graphics/graphics.sty
Package: graphics 2014/10/28 v1.0p Standard LaTeX Graphics (DPC,SPQR)

(/usr/local/texlive/2015/texmf-dist/tex/latex/graphics/trig.sty
Package: trig 1999/03/16 v1.09 sin cos tan (DPC)
)
(/usr/local/texlive/2015/texmf-dist/tex/latex/latexconfig/graphics.cfg
File: graphics.cfg 2010/04/23 v1.9 graphics configuration of TeX Live
)
Package graphics Info: Driver file: pdftex.def on input line 94.
)
\Gin@req@height=\dimen102
\Gin@req@width=\dimen103
)
(/usr/local/texlive/2015/texmf-dist/tex/latex/oberdiek/epstopdf.sty
Package: epstopdf 2010/02/09 v2.5 Conversion with epstopdf on the fly (HO)

(/usr/local/texlive/2015/texmf-dist/tex/latex/oberdiek/epstopdf-base.sty
Package: epstopdf-base 2010/02/09 v2.5 Base part for package epstopdf

(/usr/local/texlive/2015/texmf-dist/tex/latex/oberdiek/grfext.sty
Package: grfext 2010/08/19 v1.1 Manage graphics extensions (HO)

(/usr/local/texlive/2015/texmf-dist/tex/generic/oberdiek/kvdefinekeys.sty
Package: kvdefinekeys 2011/04/07 v1.3 Define keys (HO)
))
(/usr/local/texlive/2015/texmf-dist/tex/latex/oberdiek/kvoptions.sty
Package: kvoptions 2011/06/30 v3.11 Key value format for package options (HO)

(/usr/local/texlive/2015/texmf-dist/tex/generic/oberdiek/kvsetkeys.sty
Package: kvsetkeys 2012/04/25 v1.16 Key value parser (HO)

(/usr/local/texlive/2015/texmf-dist/tex/generic/oberdiek/etexcmds.sty
Package: etexcmds 2011/02/16 v1.5 Avoid name clashes with e-TeX commands (HO)

(/usr/local/texlive/2015/texmf-dist/tex/generic/oberdiek/ifluatex.sty
Package: ifluatex 2010/03/01 v1.3 Provides the ifluatex switch (HO)
Package ifluatex Info: LuaTeX not detected.
)
Package etexcmds Info: Could not find \expanded.
(etexcmds)             That can mean that you are not using pdfTeX 1.50 or
(etexcmds)             that some package has redefined \expanded.
(etexcmds)             In the latter case, load this package earlier.
)))
(/usr/local/texlive/2015/texmf-dist/tex/generic/oberdiek/pdftexcmds.sty
Package: pdftexcmds 2011/11/29 v0.20 Utility functions of pdfTeX for LuaTeX (HO
)
Package pdftexcmds Info: LuaTeX not detected.
Package pdftexcmds Info: \pdf@primitive is available.
Package pdftexcmds Info: \pdf@ifprimitive is available.
Package pdftexcmds Info: \pdfdraftmode found.
)
Package grfext Info: Graphics extension search list:
(grfext)             [.png,.pdf,.jpg,.mps,.jpeg,.jbig2,.jb2,.PNG,.PDF,.JPG,.JPE
G,.JBIG2,.JB2,.eps]
(grfext)             \AppendGraphicsExtensions on input line 452.

(/usr/local/texlive/2015/texmf-dist/tex/latex/latexconfig/epstopdf-sys.cfg
File: epstopdf-sys.cfg 2010/07/13 v1.3 Configuration of (r)epstopdf for TeX Liv
e
)))
(/usr/local/texlive/2015/texmf-dist/tex/latex/base/latexsym.sty
Package: latexsym 1998/08/17 v2.2e Standard LaTeX package (lasy symbols)
\symlasy=\mathgroup4
LaTeX Font Info:    Overwriting symbol font `lasy' in version `bold'
(Font)                  U/lasy/m/n --> U/lasy/b/n on input line 52.
)
(/usr/local/texlive/2015/texmf-dist/tex/latex/amsmath/amsmath.sty
Package: amsmath 2013/01/14 v2.14 AMS math features
\@mathmargin=\skip45

For additional information on amsmath, use the `?' option.
(/usr/local/texlive/2015/texmf-dist/tex/latex/amsmath/amstext.sty
Package: amstext 2000/06/29 v2.01

(/usr/local/texlive/2015/texmf-dist/tex/latex/amsmath/amsgen.sty
File: amsgen.sty 1999/11/30 v2.0
\@emptytoks=\toks17
\ex@=\dimen104
))
(/usr/local/texlive/2015/texmf-dist/tex/latex/amsmath/amsbsy.sty
Package: amsbsy 1999/11/29 v1.2d
\pmbraise@=\dimen105
)
(/usr/local/texlive/2015/texmf-dist/tex/latex/amsmath/amsopn.sty
Package: amsopn 1999/12/14 v2.01 operator names
)
\inf@bad=\count94
LaTeX Info: Redefining \frac on input line 210.
\uproot@=\count95
\leftroot@=\count96
LaTeX Info: Redefining \overline on input line 306.
\classnum@=\count97
\DOTSCASE@=\count98
LaTeX Info: Redefining \ldots on input line 378.
LaTeX Info: Redefining \dots on input line 381.
LaTeX Info: Redefining \cdots on input line 466.
\Mathstrutbox@=\box34
\strutbox@=\box35
\big@size=\dimen106
LaTeX Font Info:    Redeclaring font encoding OML on input line 566.
LaTeX Font Info:    Redeclaring font encoding OMS on input line 567.
\macc@depth=\count99
\c@MaxMatrixCols=\count100
\dotsspace@=\muskip11
\c@parentequation=\count101
\dspbrk@lvl=\count102
\tag@help=\toks18
\row@=\count103
\column@=\count104
\maxfields@=\count105
\andhelp@=\toks19
\eqnshift@=\dimen107
\alignsep@=\dimen108
\tagshift@=\dimen109
\tagwidth@=\dimen110
\totwidth@=\dimen111
\lineht@=\dimen112
\@envbody=\toks20
\multlinegap=\skip46
\multlinetaggap=\skip47
\mathdisplay@stack=\toks21
LaTeX Info: Redefining \[ on input line 2665.
LaTeX Info: Redefining \] on input line 2666.
)
(/usr/local/texlive/2015/texmf-dist/tex/latex/amsfonts/amssymb.sty
Package: amssymb 2013/01/14 v3.01 AMS font symbols

(/usr/local/texlive/2015/texmf-dist/tex/latex/amsfonts/amsfonts.sty
Package: amsfonts 2013/01/14 v3.01 Basic AMSFonts support
\symAMSa=\mathgroup5
\symAMSb=\mathgroup6
LaTeX Font Info:    Overwriting math alphabet `\mathfrak' in version `bold'
(Font)                  U/euf/m/n --> U/euf/b/n on input line 106.
LaTeX Info: Redefining \frak on input line 111.
LaTeX Info: Redefining \Bbb on input line 113.
))
(/usr/local/texlive/2015/texmf-dist/tex/latex/tools/bm.sty
Package: bm 2014/10/28 v1.1c Bold Symbol Support (DPC/FMi)
\symboldoperators=\mathgroup7
\symboldletters=\mathgroup8
\symboldsymbols=\mathgroup9
\symboldlasy=\mathgroup10
LaTeX Font Info:    Redeclaring math alphabet \mathbf on input line 141.
LaTeX Info: Redefining \bm on input line 207.
)
(/usr/local/texlive/2015/texmf-dist/tex/latex/wasysym/wasysym.sty
Package: wasysym 2003/10/30 v2.0 Wasy-2 symbol support package
\symwasy=\mathgroup11
LaTeX Font Info:    Overwriting symbol font `wasy' in version `bold'
(Font)                  U/wasy/m/n --> U/wasy/b/n on input line 90.
)
(/usr/local/texlive/2015/texmf-dist/tex/latex/psnfss/mathptmx.sty
Package: mathptmx 2005/04/12 PSNFSS-v9.2a Times w/ Math, improved (SPQR, WaS) 
LaTeX Font Info:    Redeclaring symbol font `operators' on input line 28.
LaTeX Font Info:    Overwriting symbol font `operators' in version `normal'
(Font)                  OT1/cmr/m/n --> OT1/ztmcm/m/n on input line 28.
LaTeX Font Info:    Overwriting symbol font `operators' in version `bold'
(Font)                  OT1/cmr/bx/n --> OT1/ztmcm/m/n on input line 28.
LaTeX Font Info:    Redeclaring symbol font `letters' on input line 29.
LaTeX Font Info:    Overwriting symbol font `letters' in version `normal'
(Font)                  OML/cmm/m/it --> OML/ztmcm/m/it on input line 29.
LaTeX Font Info:    Overwriting symbol font `letters' in version `bold'
(Font)                  OML/cmm/b/it --> OML/ztmcm/m/it on input line 29.
LaTeX Font Info:    Redeclaring symbol font `symbols' on input line 30.
LaTeX Font Info:    Overwriting symbol font `symbols' in version `normal'
(Font)                  OMS/cmsy/m/n --> OMS/ztmcm/m/n on input line 30.
LaTeX Font Info:    Overwriting symbol font `symbols' in version `bold'
(Font)                  OMS/cmsy/b/n --> OMS/ztmcm/m/n on input line 30.
LaTeX Font Info:    Redeclaring symbol font `largesymbols' on input line 31.
LaTeX Font Info:    Overwriting symbol font `largesymbols' in version `normal'
(Font)                  OMX/cmex/m/n --> OMX/ztmcm/m/n on input line 31.
LaTeX Font Info:    Overwriting symbol font `largesymbols' in version `bold'
(Font)                  OMX/cmex/m/n --> OMX/ztmcm/m/n on input line 31.
\symbold=\mathgroup12
\symitalic=\mathgroup13
LaTeX Font Info:    Redeclaring math alphabet \mathbf on input line 34.
LaTeX Font Info:    Redeclaring math alphabet \mathit on input line 35.
LaTeX Font Info:    Overwriting math alphabet `\mathit' in version `normal'
(Font)                  OT1/cmr/m/it --> OT1/ptm/m/it on input line 35.
LaTeX Font Info:    Overwriting math alphabet `\mathit' in version `bold'
(Font)                  OT1/cmr/bx/it --> OT1/ptm/m/it on input line 35.
LaTeX Info: Redefining \hbar on input line 50.
)
\symepsilon=\mathgroup14
LaTeX Font Info:    Redeclaring math symbol \epsilon on input line 34.

(/usr/local/texlive/2015/texmf-dist/tex/latex/hyperref/hyperref.sty
Package: hyperref 2012/11/06 v6.83m Hypertext links for LaTeX

(/usr/local/texlive/2015/texmf-dist/tex/generic/oberdiek/hobsub-hyperref.sty
Package: hobsub-hyperref 2012/05/28 v1.13 Bundle oberdiek, subset hyperref (HO)


(/usr/local/texlive/2015/texmf-dist/tex/generic/oberdiek/hobsub-generic.sty
Package: hobsub-generic 2012/05/28 v1.13 Bundle oberdiek, subset generic (HO)
Package: hobsub 2012/05/28 v1.13 Construct package bundles (HO)
Package hobsub Info: Skipping package `infwarerr' (already loaded).
Package hobsub Info: Skipping package `ltxcmds' (already loaded).
Package hobsub Info: Skipping package `ifluatex' (already loaded).
Package: ifvtex 2010/03/01 v1.5 Detect VTeX and its facilities (HO)
Package ifvtex Info: VTeX not detected.
Package: intcalc 2007/09/27 v1.1 Expandable calculations with integers (HO)
Package hobsub Info: Skipping package `ifpdf' (already loaded).
Package hobsub Info: Skipping package `etexcmds' (already loaded).
Package hobsub Info: Skipping package `kvsetkeys' (already loaded).
Package hobsub Info: Skipping package `kvdefinekeys' (already loaded).
Package hobsub Info: Skipping package `pdftexcmds' (already loaded).
Package: pdfescape 2011/11/25 v1.13 Implements pdfTeX's escape features (HO)
Package: bigintcalc 2012/04/08 v1.3 Expandable calculations on big integers (HO
)
Package: bitset 2011/01/30 v1.1 Handle bit-vector datatype (HO)
Package: uniquecounter 2011/01/30 v1.2 Provide unlimited unique counter (HO)
)
Package hobsub Info: Skipping package `hobsub' (already loaded).
Package: letltxmacro 2010/09/02 v1.4 Let assignment for LaTeX macros (HO)
Package: hopatch 2012/05/28 v1.2 Wrapper for package hooks (HO)
Package: xcolor-patch 2011/01/30 xcolor patch
Package: atveryend 2011/06/30 v1.8 Hooks at the very end of document (HO)
Package: atbegshi 2011/10/05 v1.16 At begin shipout hook (HO)
Package: refcount 2011/10/16 v3.4 Data extraction from label references (HO)
Package: hycolor 2011/01/30 v1.7 Color options for hyperref/bookmark (HO)
)
(/usr/local/texlive/2015/texmf-dist/tex/generic/ifxetex/ifxetex.sty
Package: ifxetex 2010/09/12 v0.6 Provides ifxetex conditional
)
(/usr/local/texlive/2015/texmf-dist/tex/latex/oberdiek/auxhook.sty
Package: auxhook 2011/03/04 v1.3 Hooks for auxiliary files (HO)
)
\@linkdim=\dimen113
\Hy@linkcounter=\count106
\Hy@pagecounter=\count107

(/usr/local/texlive/2015/texmf-dist/tex/latex/hyperref/pd1enc.def
File: pd1enc.def 2012/11/06 v6.83m Hyperref: PDFDocEncoding definition (HO)
)
\Hy@SavedSpaceFactor=\count108

(/usr/local/texlive/2015/texmf-dist/tex/latex/latexconfig/hyperref.cfg
File: hyperref.cfg 2002/06/06 v1.2 hyperref configuration of TeXLive
)
Package hyperref Info: Hyper figures OFF on input line 4443.
Package hyperref Info: Link nesting OFF on input line 4448.
Package hyperref Info: Hyper index ON on input line 4451.
Package hyperref Info: Plain pages OFF on input line 4458.
Package hyperref Info: Backreferencing OFF on input line 4463.
Package hyperref Info: Implicit mode ON; LaTeX internals redefined.
Package hyperref Info: Bookmarks ON on input line 4688.
\c@Hy@tempcnt=\count109
LaTeX Info: Redefining \url on input line 5041.
\XeTeXLinkMargin=\dimen114
\Fld@menulength=\count110
\Field@Width=\dimen115
\Fld@charsize=\dimen116
Package hyperref Info: Hyper figures OFF on input line 6295.
Package hyperref Info: Link nesting OFF on input line 6300.
Package hyperref Info: Hyper index ON on input line 6303.
Package hyperref Info: backreferencing OFF on input line 6310.
Package hyperref Info: Link coloring OFF on input line 6315.
Package hyperref Info: Link coloring with OCG OFF on input line 6320.
Package hyperref Info: PDF/A mode OFF on input line 6325.
LaTeX Info: Redefining \ref on input line 6365.
LaTeX Info: Redefining \pageref on input line 6369.
\Hy@abspage=\count111
\c@Item=\count112
\c@Hfootnote=\count113
)

Package hyperref Message: Driver (autodetected): hpdftex.

(/usr/local/texlive/2015/texmf-dist/tex/latex/hyperref/hpdftex.def
File: hpdftex.def 2012/11/06 v6.83m Hyperref driver for pdfTeX
\Fld@listcount=\count114
\c@bookmark@seq@number=\count115

(/usr/local/texlive/2015/texmf-dist/tex/latex/oberdiek/rerunfilecheck.sty
Package: rerunfilecheck 2011/04/15 v1.7 Rerun checks for auxiliary files (HO)
Package uniquecounter Info: New unique counter `rerunfilecheck' on input line 2
82.
)
\Hy@SectionHShift=\skip48
)
(./neg_Nature.aux

LaTeX Warning: Label `e23' multiply defined.

)
\openout1 = `neg_Nature.aux'.

LaTeX Font Info:    Checking defaults for OML/cmm/m/it on input line 98.
LaTeX Font Info:    ... okay on input line 98.
LaTeX Font Info:    Checking defaults for T1/cmr/m/n on input line 98.
LaTeX Font Info:    ... okay on input line 98.
LaTeX Font Info:    Checking defaults for OT1/cmr/m/n on input line 98.
LaTeX Font Info:    ... okay on input line 98.
LaTeX Font Info:    Checking defaults for OMS/cmsy/m/n on input line 98.
LaTeX Font Info:    ... okay on input line 98.
LaTeX Font Info:    Checking defaults for OMX/cmex/m/n on input line 98.
LaTeX Font Info:    ... okay on input line 98.
LaTeX Font Info:    Checking defaults for U/cmr/m/n on input line 98.
LaTeX Font Info:    ... okay on input line 98.
LaTeX Font Info:    Checking defaults for PD1/pdf/m/n on input line 98.
LaTeX Font Info:    ... okay on input line 98.
LaTeX Font Info:    Try loading font information for OT1+ptm on input line 98.
 (/usr/local/texlive/2015/texmf-dist/tex/latex/psnfss/ot1ptm.fd
File: ot1ptm.fd 2001/06/04 font definitions for OT1/ptm.
)
Class revtex4 Info: Patching LaTeX tabular. on input line 98.
Class revtex4 Info: cite was not loaded (OK!) on input line 98.
Class revtex4 Info: multicol was not loaded (OK!) on input line 98.

(/usr/local/texlive/2015/texmf-dist/tex/context/base/supp-pdf.mkii
[Loading MPS to PDF converter (version 2006.09.02).]
\scratchcounter=\count116
\scratchdimen=\dimen117
\scratchbox=\box36
\nofMPsegments=\count117
\nofMParguments=\count118
\everyMPshowfont=\toks22
\MPscratchCnt=\count119
\MPscratchDim=\dimen118
\MPnumerator=\count120
\makeMPintoPDFobject=\count121
\everyMPtoPDFconversion=\toks23
)
\AtBeginShipoutBox=\box37


Package hyperref Warning: Height of page (\paperheight) is invalid (0.0pt),
(hyperref)                using 11in.

Package hyperref Info: Link coloring OFF on input line 98.
(/usr/local/texlive/2015/texmf-dist/tex/latex/hyperref/nameref.sty
Package: nameref 2012/10/27 v2.43 Cross-referencing by name of section

(/usr/local/texlive/2015/texmf-dist/tex/generic/oberdiek/gettitlestring.sty
Package: gettitlestring 2010/12/03 v1.4 Cleanup title references (HO)
)
\c@section@level=\count122
)
LaTeX Info: Redefining \ref on input line 98.
LaTeX Info: Redefining \pageref on input line 98.
LaTeX Info: Redefining \nameref on input line 98.

(./neg_Nature.out) (./neg_Nature.out)
\@outlinefile=\write3
\openout3 = `neg_Nature.out'.

LaTeX Font Info:    Font shape `OT1/ptm/bx/n' in size <12> not available
(Font)              Font shape `OT1/ptm/b/n' tried instead on input line 109.
LaTeX Font Info:    Font shape `OT1/ptm/bx/n' in size <10> not available
(Font)              Font shape `OT1/ptm/b/n' tried instead on input line 112.
LaTeX Font Info:    Font shape `OT1/ptm/bx/it' in size <10> not available
(Font)              Font shape `OT1/ptm/b/it' tried instead on input line 113.
LaTeX Font Info:    Try loading font information for OT1+ztmcm on input line 15
0.

(/usr/local/texlive/2015/texmf-dist/tex/latex/psnfss/ot1ztmcm.fd
File: ot1ztmcm.fd 2000/01/03 Fontinst v1.801 font definitions for OT1/ztmcm.
)
LaTeX Font Info:    Try loading font information for OML+ztmcm on input line 15
0.

(/usr/local/texlive/2015/texmf-dist/tex/latex/psnfss/omlztmcm.fd
File: omlztmcm.fd 2000/01/03 Fontinst v1.801 font definitions for OML/ztmcm.
)
LaTeX Font Info:    Try loading font information for OMS+ztmcm on input line 15
0.

(/usr/local/texlive/2015/texmf-dist/tex/latex/psnfss/omsztmcm.fd
File: omsztmcm.fd 2000/01/03 Fontinst v1.801 font definitions for OMS/ztmcm.
)
LaTeX Font Info:    Try loading font information for OMX+ztmcm on input line 15
0.

(/usr/local/texlive/2015/texmf-dist/tex/latex/psnfss/omxztmcm.fd
File: omxztmcm.fd 2000/01/03 Fontinst v1.801 font definitions for OMX/ztmcm.
)
LaTeX Font Info:    Try loading font information for U+lasy on input line 150.

(/usr/local/texlive/2015/texmf-dist/tex/latex/base/ulasy.fd
File: ulasy.fd 1998/08/17 v2.2e LaTeX symbol font definitions
)
LaTeX Font Info:    Font shape `U/lasy/b/n' in size <7.4> not available
(Font)              Font shape `U/lasy/m/n' tried instead on input line 150.
LaTeX Font Info:    Font shape `U/lasy/b/n' in size <6> not available
(Font)              Font shape `U/lasy/m/n' tried instead on input line 150.
LaTeX Font Info:    Try loading font information for U+wasy on input line 150.

(/usr/local/texlive/2015/texmf-dist/tex/latex/wasysym/uwasy.fd
File: uwasy.fd 2003/10/30 v2.0 Wasy-2 symbol font definitions
)
LaTeX Font Info:    Font shape `OT1/ptm/bx/n' in size <7.4> not available
(Font)              Font shape `OT1/ptm/b/n' tried instead on input line 150.
LaTeX Font Info:    Font shape `OT1/ptm/bx/n' in size <6> not available
(Font)              Font shape `OT1/ptm/b/n' tried instead on input line 150.
LaTeX Font Info:    Try loading font information for OML+ntxmi on input line 15
0.

(/usr/local/texlive/2015/texmf-dist/tex/latex/newtx/omlntxmi.fd
File: omlntxmi.fd 2012/03/22 Fontinst v1.933 font definitions for OML/ntxmi.
)
LaTeX Font Info:    Font shape `U/lasy/b/n' in size <9> not available
(Font)              Font shape `U/lasy/m/n' tried instead on input line 241.
LaTeX Font Info:    Font shape `U/lasy/b/n' in size <7> not available
(Font)              Font shape `U/lasy/m/n' tried instead on input line 241.
LaTeX Font Info:    Font shape `OT1/ptm/bx/n' in size <9> not available
(Font)              Font shape `OT1/ptm/b/n' tried instead on input line 241.
LaTeX Font Info:    Font shape `OT1/ptm/bx/n' in size <7> not available
(Font)              Font shape `OT1/ptm/b/n' tried instead on input line 241.
Package epstopdf Info: Source file: </Users/danielhurowitz/PROJ/NEG/Figs/figs_f
or_paper/polar_1_a.eps>
(epstopdf)                    date: 2015-11-05 18:32:43
(epstopdf)                    size: 54443 bytes
(epstopdf)             Output file: </Users/danielhurowitz/PROJ/NEG/Figs/figs_f
or_paper/polar_1_a-eps-converted-to.pdf>
(epstopdf)                    date: 2015-11-09 10:09:14
(epstopdf)                    size: 25250 bytes
(epstopdf)             Command: <epstopdf --outfile=/Users/danielhurowitz/PROJ/
NEG/Figs/figs_for_paper/polar_1_a-eps-converted-to.pdf /Users/danielhurowitz/PR
OJ/NEG/Figs/figs_for_paper/polar_1_a.eps>
(epstopdf)             \includegraphics on input line 269.
Package epstopdf Info: Output file is already uptodate.

</Users/danielhurowitz/PROJ/NEG/Figs/figs_for_paper/polar_1_a-eps-converted-to.
pdf, id=44, 408.52625pt x 409.53pt>
File: /Users/danielhurowitz/PROJ/NEG/Figs/figs_for_paper/polar_1_a-eps-converte
d-to.pdf Graphic file (type pdf)

<use /Users/danielhurowitz/PROJ/NEG/Figs/figs_for_paper/polar_1_a-eps-converted
-to.pdf>
Package pdftex.def Info: /Users/danielhurowitz/PROJ/NEG/Figs/figs_for_paper/pol
ar_1_a-eps-converted-to.pdf used on input line 269.
(pdftex.def)             Requested size: 184.48964pt x 184.9429pt.
Package epstopdf Info: Source file: </Users/danielhurowitz/PROJ/NEG/Figs/figs_f
or_paper/polar_2_a.eps>
(epstopdf)                    date: 2015-11-05 18:32:43
(epstopdf)                    size: 71173 bytes
(epstopdf)             Output file: </Users/danielhurowitz/PROJ/NEG/Figs/figs_f
or_paper/polar_2_a-eps-converted-to.pdf>
(epstopdf)                    date: 2015-11-09 10:09:14
(epstopdf)                    size: 42165 bytes
(epstopdf)             Command: <epstopdf --outfile=/Users/danielhurowitz/PROJ/
NEG/Figs/figs_for_paper/polar_2_a-eps-converted-to.pdf /Users/danielhurowitz/PR
OJ/NEG/Figs/figs_for_paper/polar_2_a.eps>
(epstopdf)             \includegraphics on input line 270.
Package epstopdf Info: Output file is already uptodate.

</Users/danielhurowitz/PROJ/NEG/Figs/figs_for_paper/polar_2_a-eps-converted-to.
pdf, id=45, 418.56375pt x 409.53pt>
File: /Users/danielhurowitz/PROJ/NEG/Figs/figs_for_paper/polar_2_a-eps-converte
d-to.pdf Graphic file (type pdf)

<use /Users/danielhurowitz/PROJ/NEG/Figs/figs_for_paper/polar_2_a-eps-converted
-to.pdf>
Package pdftex.def Info: /Users/danielhurowitz/PROJ/NEG/Figs/figs_for_paper/pol
ar_2_a-eps-converted-to.pdf used on input line 270.
(pdftex.def)             Requested size: 189.02255pt x 184.9429pt.
Package epstopdf Info: Source file: </Users/danielhurowitz/PROJ/NEG/Figs/figs_f
or_paper/spectrum_electrostatics1_2.eps>
(epstopdf)                    date: 2015-11-05 18:32:43
(epstopdf)                    size: 79953 bytes
(epstopdf)             Output file: </Users/danielhurowitz/PROJ/NEG/Figs/figs_f
or_paper/spectrum_electrostatics1_2-eps-converted-to.pdf>
(epstopdf)                    date: 2015-11-09 10:09:15
(epstopdf)                    size: 68655 bytes
(epstopdf)             Command: <epstopdf --outfile=/Users/danielhurowitz/PROJ/
NEG/Figs/figs_for_paper/spectrum_electrostatics1_2-eps-converted-to.pdf /Users/
danielhurowitz/PROJ/NEG/Figs/figs_for_paper/spectrum_electrostatics1_2.eps>
(epstopdf)             \includegraphics on input line 289.
Package epstopdf Info: Output file is already uptodate.

</Users/danielhurowitz/PROJ/NEG/Figs/figs_for_paper/spectrum_electrostatics1_2-
eps-converted-to.pdf, id=46, 532.99126pt x 419.5675pt>
File: /Users/danielhurowitz/PROJ/NEG/Figs/figs_for_paper/spectrum_electrostatic
s1_2-eps-converted-to.pdf Graphic file (type pdf)

<use /Users/danielhurowitz/PROJ/NEG/Figs/figs_for_paper/spectrum_electrostatics
1_2-eps-converted-to.pdf>
Package pdftex.def Info: /Users/danielhurowitz/PROJ/NEG/Figs/figs_for_paper/spe
ctrum_electrostatics1_2-eps-converted-to.pdf used on input line 289.
(pdftex.def)             Requested size: 162.64749pt x 128.0374pt.
Package epstopdf Info: Source file: </Users/danielhurowitz/PROJ/NEG/Figs/figs_f
or_paper/spectrum_electrostatics1.eps>
(epstopdf)                    date: 2015-11-05 18:32:43
(epstopdf)                    size: 157190 bytes
(epstopdf)             Output file: </Users/danielhurowitz/PROJ/NEG/Figs/figs_f
or_paper/spectrum_electrostatics1-eps-converted-to.pdf>
(epstopdf)                    date: 2015-11-09 10:09:15
(epstopdf)                    size: 86638 bytes
(epstopdf)             Command: <epstopdf --outfile=/Users/danielhurowitz/PROJ/
NEG/Figs/figs_for_paper/spectrum_electrostatics1-eps-converted-to.pdf /Users/da
nielhurowitz/PROJ/NEG/Figs/figs_for_paper/spectrum_electrostatics1.eps>
(epstopdf)             \includegraphics on input line 290.
Package epstopdf Info: Output file is already uptodate.

</Users/danielhurowitz/PROJ/NEG/Figs/figs_for_paper/spectrum_electrostatics1-ep
s-converted-to.pdf, id=47, 532.99126pt x 419.5675pt>
File: /Users/danielhurowitz/PROJ/NEG/Figs/figs_for_paper/spectrum_electrostatic
s1-eps-converted-to.pdf Graphic file (type pdf)

<use /Users/danielhurowitz/PROJ/NEG/Figs/figs_for_paper/spectrum_electrostatics
1-eps-converted-to.pdf>
Package pdftex.def Info: /Users/danielhurowitz/PROJ/NEG/Figs/figs_for_paper/spe
ctrum_electrostatics1-eps-converted-to.pdf used on input line 290.
(pdftex.def)             Requested size: 162.64749pt x 128.0374pt.
Package epstopdf Info: Source file: </Users/danielhurowitz/PROJ/NEG/Figs/figs_f
or_paper/spectrum_electrostatics2.eps>
(epstopdf)                    date: 2015-11-05 18:32:43
(epstopdf)                    size: 814020 bytes
(epstopdf)             Output file: </Users/danielhurowitz/PROJ/NEG/Figs/figs_f
or_paper/spectrum_electrostatics2-eps-converted-to.pdf>
(epstopdf)                    date: 2015-11-09 10:09:15
(epstopdf)                    size: 198321 bytes
(epstopdf)             Command: <epstopdf --outfile=/Users/danielhurowitz/PROJ/
NEG/Figs/figs_for_paper/spectrum_electrostatics2-eps-converted-to.pdf /Users/da
nielhurowitz/PROJ/NEG/Figs/figs_for_paper/spectrum_electrostatics2.eps>
(epstopdf)             \includegraphics on input line 291.
Package epstopdf Info: Output file is already uptodate.

</Users/danielhurowitz/PROJ/NEG/Figs/figs_for_paper/spectrum_electrostatics2-ep
s-converted-to.pdf, id=48, 526.96875pt x 419.5675pt>
File: /Users/danielhurowitz/PROJ/NEG/Figs/figs_for_paper/spectrum_electrostatic
s2-eps-converted-to.pdf Graphic file (type pdf)

<use /Users/danielhurowitz/PROJ/NEG/Figs/figs_for_paper/spectrum_electrostatics
2-eps-converted-to.pdf>
Package pdftex.def Info: /Users/danielhurowitz/PROJ/NEG/Figs/figs_for_paper/spe
ctrum_electrostatics2-eps-converted-to.pdf used on input line 291.
(pdftex.def)             Requested size: 160.80966pt x 128.0374pt.
Package epstopdf Info: Source file: </Users/danielhurowitz/PROJ/NEG/Figs/figs_f
or_paper/V_E_1_2b.eps>
(epstopdf)                    date: 2015-11-05 18:32:43
(epstopdf)                    size: 225302 bytes
(epstopdf)             Output file: </Users/danielhurowitz/PROJ/NEG/Figs/figs_f
or_paper/V_E_1_2b-eps-converted-to.pdf>
(epstopdf)                    date: 2015-11-09 10:09:16
(epstopdf)                    size: 29660 bytes
(epstopdf)             Command: <epstopdf --outfile=/Users/danielhurowitz/PROJ/
NEG/Figs/figs_for_paper/V_E_1_2b-eps-converted-to.pdf /Users/danielhurowitz/PRO
J/NEG/Figs/figs_for_paper/V_E_1_2b.eps>
(epstopdf)             \includegraphics on input line 293.
Package epstopdf Info: Output file is already uptodate.

</Users/danielhurowitz/PROJ/NEG/Figs/figs_for_paper/V_E_1_2b-eps-converted-to.p
df, id=49, 533.995pt x 413.545pt>
File: /Users/danielhurowitz/PROJ/NEG/Figs/figs_for_paper/V_E_1_2b-eps-converted
-to.pdf Graphic file (type pdf)

<use /Users/danielhurowitz/PROJ/NEG/Figs/figs_for_paper/V_E_1_2b-eps-converted-
to.pdf>
Package pdftex.def Info: /Users/danielhurowitz/PROJ/NEG/Figs/figs_for_paper/V_E
_1_2b-eps-converted-to.pdf used on input line 293.
(pdftex.def)             Requested size: 165.33304pt x 128.0374pt.
Package epstopdf Info: Source file: </Users/danielhurowitz/PROJ/NEG/Figs/figs_f
or_paper/V_E_1b.eps>
(epstopdf)                    date: 2015-11-05 18:32:43
(epstopdf)                    size: 236844 bytes
(epstopdf)             Output file: </Users/danielhurowitz/PROJ/NEG/Figs/figs_f
or_paper/V_E_1b-eps-converted-to.pdf>
(epstopdf)                    date: 2015-11-09 10:09:16
(epstopdf)                    size: 41137 bytes
(epstopdf)             Command: <epstopdf --outfile=/Users/danielhurowitz/PROJ/
NEG/Figs/figs_for_paper/V_E_1b-eps-converted-to.pdf /Users/danielhurowitz/PROJ/
NEG/Figs/figs_for_paper/V_E_1b.eps>
(epstopdf)             \includegraphics on input line 294.
Package epstopdf Info: Output file is already uptodate.

</Users/danielhurowitz/PROJ/NEG/Figs/figs_for_paper/V_E_1b-eps-converted-to.pdf
, id=50, 526.96875pt x 413.545pt>
File: /Users/danielhurowitz/PROJ/NEG/Figs/figs_for_paper/V_E_1b-eps-converted-t
o.pdf Graphic file (type pdf)

<use /Users/danielhurowitz/PROJ/NEG/Figs/figs_for_paper/V_E_1b-eps-converted-to
.pdf>
Package pdftex.def Info: /Users/danielhurowitz/PROJ/NEG/Figs/figs_for_paper/V_E
_1b-eps-converted-to.pdf used on input line 294.
(pdftex.def)             Requested size: 163.1576pt x 128.0374pt.
Package epstopdf Info: Source file: </Users/danielhurowitz/PROJ/NEG/Figs/figs_f
or_paper/V_E_2b.eps>
(epstopdf)                    date: 2015-11-05 18:32:43
(epstopdf)                    size: 205009 bytes
(epstopdf)             Output file: </Users/danielhurowitz/PROJ/NEG/Figs/figs_f
or_paper/V_E_2b-eps-converted-to.pdf>
(epstopdf)                    date: 2015-11-09 10:09:16
(epstopdf)                    size: 32847 bytes
(epstopdf)             Command: <epstopdf --outfile=/Users/danielhurowitz/PROJ/
NEG/Figs/figs_for_paper/V_E_2b-eps-converted-to.pdf /Users/danielhurowitz/PROJ/
NEG/Figs/figs_for_paper/V_E_2b.eps>
(epstopdf)             \includegraphics on input line 295.
Package epstopdf Info: Output file is already uptodate.

</Users/danielhurowitz/PROJ/NEG/Figs/figs_for_paper/V_E_2b-eps-converted-to.pdf
, id=51, 541.02126pt x 413.545pt>
File: /Users/danielhurowitz/PROJ/NEG/Figs/figs_for_paper/V_E_2b-eps-converted-t
o.pdf Graphic file (type pdf)

<use /Users/danielhurowitz/PROJ/NEG/Figs/figs_for_paper/V_E_2b-eps-converted-to
.pdf>
Package pdftex.def Info: /Users/danielhurowitz/PROJ/NEG/Figs/figs_for_paper/V_E
_2b-eps-converted-to.pdf used on input line 295.
(pdftex.def)             Requested size: 167.50847pt x 128.0374pt.
 [1{/usr/local/texlive/2015/texmf-var/fonts/map/pdftex/updmap/pdftex.map}]
Underfull \hbox (badness 1221) in paragraph at lines 353--361
\OT1/ptm/m/n/10 with no gap. The ex-po-nent is re-lated to the bias via
 []


Underfull \hbox (badness 1314) in paragraph at lines 363--376
\OT1/ptm/m/n/10 Unlike Gaus-sian dis-or-der the range of pos-si-ble rates is
 []

[2 </Users/danielhurowitz/PROJ/NEG/Figs/figs_for_paper/polar_1_a-eps-converted-
to.pdf> </Users/danielhurowitz/PROJ/NEG/Figs/figs_for_paper/polar_2_a-eps-conve
rted-to.pdf>]
Package epstopdf Info: Source file: </Users/danielhurowitz/PROJ/NEG/Figs/figs_f
or_paper/s_c_sparse_100_loglog.eps>
(epstopdf)                    date: 2015-11-05 18:32:43
(epstopdf)                    size: 158550 bytes
(epstopdf)             Output file: </Users/danielhurowitz/PROJ/NEG/Figs/figs_f
or_paper/s_c_sparse_100_loglog-eps-converted-to.pdf>
(epstopdf)                    date: 2015-11-09 10:09:17
(epstopdf)                    size: 104151 bytes
(epstopdf)             Command: <epstopdf --outfile=/Users/danielhurowitz/PROJ/
NEG/Figs/figs_for_paper/s_c_sparse_100_loglog-eps-converted-to.pdf /Users/danie
lhurowitz/PROJ/NEG/Figs/figs_for_paper/s_c_sparse_100_loglog.eps>
(epstopdf)             \includegraphics on input line 452.
Package epstopdf Info: Output file is already uptodate.

</Users/danielhurowitz/PROJ/NEG/Figs/figs_for_paper/s_c_sparse_100_loglog-eps-c
onverted-to.pdf, id=121, 539.01375pt x 426.59375pt>
File: /Users/danielhurowitz/PROJ/NEG/Figs/figs_for_paper/s_c_sparse_100_loglog-
eps-converted-to.pdf Graphic file (type pdf)

<use /Users/danielhurowitz/PROJ/NEG/Figs/figs_for_paper/s_c_sparse_100_loglog-e
ps-converted-to.pdf>
Package pdftex.def Info: /Users/danielhurowitz/PROJ/NEG/Figs/figs_for_paper/s_c
_sparse_100_loglog-eps-converted-to.pdf used on input line 452.
(pdftex.def)             Requested size: 179.75853pt x 142.26378pt.
Package epstopdf Info: Source file: </Users/danielhurowitz/PROJ/NEG/Figs/figs_f
or_paper/s_c_vs_alpha.eps>
(epstopdf)                    date: 2015-11-09 12:23:47
(epstopdf)                    size: 405738 bytes
(epstopdf)             Output file: </Users/danielhurowitz/PROJ/NEG/Figs/figs_f
or_paper/s_c_vs_alpha-eps-converted-to.pdf>
(epstopdf)                    date: 2015-11-09 16:17:29
(epstopdf)                    size: 339093 bytes
(epstopdf)             Command: <epstopdf --outfile=/Users/danielhurowitz/PROJ/
NEG/Figs/figs_for_paper/s_c_vs_alpha-eps-converted-to.pdf /Users/danielhurowitz
/PROJ/NEG/Figs/figs_for_paper/s_c_vs_alpha.eps>
(epstopdf)             \includegraphics on input line 453.
Package epstopdf Info: Output file is already uptodate.

</Users/danielhurowitz/PROJ/NEG/Figs/figs_for_paper/s_c_vs_alpha-eps-converted-
to.pdf, id=122, 544.0325pt x 420.57124pt>
File: /Users/danielhurowitz/PROJ/NEG/Figs/figs_for_paper/s_c_vs_alpha-eps-conve
rted-to.pdf Graphic file (type pdf)

<use /Users/danielhurowitz/PROJ/NEG/Figs/figs_for_paper/s_c_vs_alpha-eps-conver
ted-to.pdf>
Package pdftex.def Info: /Users/danielhurowitz/PROJ/NEG/Figs/figs_for_paper/s_c
_vs_alpha-eps-converted-to.pdf used on input line 453.
(pdftex.def)             Requested size: 184.02226pt x 142.26378pt.
Package epstopdf Info: Source file: </Users/danielhurowitz/PROJ/NEG/Figs/figs_f
or_paper/numComplex_100_alpha_sigma.eps>
(epstopdf)                    date: 2015-11-05 18:32:43
(epstopdf)                    size: 127285 bytes
(epstopdf)             Output file: </Users/danielhurowitz/PROJ/NEG/Figs/figs_f
or_paper/numComplex_100_alpha_sigma-eps-converted-to.pdf>
(epstopdf)                    date: 2015-11-09 10:09:17
(epstopdf)                    size: 15946 bytes
(epstopdf)             Command: <epstopdf --outfile=/Users/danielhurowitz/PROJ/
NEG/Figs/figs_for_paper/numComplex_100_alpha_sigma-eps-converted-to.pdf /Users/
danielhurowitz/PROJ/NEG/Figs/figs_for_paper/numComplex_100_alpha_sigma.eps>
(epstopdf)             \includegraphics on input line 476.
Package epstopdf Info: Output file is already uptodate.

</Users/danielhurowitz/PROJ/NEG/Figs/figs_for_paper/numComplex_100_alpha_sigma-
eps-converted-to.pdf, id=123, 533.995pt x 413.545pt>
File: /Users/danielhurowitz/PROJ/NEG/Figs/figs_for_paper/numComplex_100_alpha_s
igma-eps-converted-to.pdf Graphic file (type pdf)

<use /Users/danielhurowitz/PROJ/NEG/Figs/figs_for_paper/numComplex_100_alpha_si
gma-eps-converted-to.pdf>
Package pdftex.def Info: /Users/danielhurowitz/PROJ/NEG/Figs/figs_for_paper/num
Complex_100_alpha_sigma-eps-converted-to.pdf used on input line 476.
(pdftex.def)             Requested size: 198.39801pt x 153.6447pt.
 [3 </Users/danielhurowitz/PROJ/NEG/Figs/figs_for_paper/spectrum_electrostatics
1_2-eps-converted-to.pdf> </Users/danielhurowitz/PROJ/NEG/Figs/figs_for_paper/s
pectrum_electrostatics1-eps-converted-to.pdf> </Users/danielhurowitz/PROJ/NEG/F
igs/figs_for_paper/spectrum_electrostatics2-eps-converted-to.pdf> </Users/danie
lhurowitz/PROJ/NEG/Figs/figs_for_paper/V_E_1_2b-eps-converted-to.pdf> </Users/d
anielhurowitz/PROJ/NEG/Figs/figs_for_paper/V_E_1b-eps-converted-to.pdf> </Users
/danielhurowitz/PROJ/NEG/Figs/figs_for_paper/V_E_2b-eps-converted-to.pdf>]

LaTeX Warning: A float is stuck (cannot be placed) on input line 544.


LaTeX Warning: A float is stuck (cannot be placed) on input line 544.


Class revtex4 Warning: Deferred float stuck during \clearpage processing.


Underfull \hbox (badness 2042) in paragraph at lines 555--567
[]\OT1/ptm/m/n/10 From the above it fol-lows that the thresh-old $\OML/ztmcm/m/
it/10 s[]$ \OT1/ptm/m/n/10 for
 []


Underfull \hbox (badness 1810) in paragraph at lines 555--567
\OT1/ptm/m/n/10 the ap-pear-ance of a com-plex quasi-continuum is ei-ther
 []

[4 </Users/danielhurowitz/PROJ/NEG/Figs/figs_for_paper/s_c_sparse_100_loglog-ep
s-converted-to.pdf> </Users/danielhurowitz/PROJ/NEG/Figs/figs_for_paper/s_c_vs_
alpha-eps-converted-to.pdf> </Users/danielhurowitz/PROJ/NEG/Figs/figs_for_paper
/numComplex_100_alpha_sigma-eps-converted-to.pdf>]
Package epstopdf Info: Source file: </Users/danielhurowitz/PROJ/NEG/Figs/figs_f
or_paper/N_E_1_1_french.eps>
(epstopdf)                    date: 2015-11-10 11:45:40
(epstopdf)                    size: 207626 bytes
(epstopdf)             Output file: </Users/danielhurowitz/PROJ/NEG/Figs/figs_f
or_paper/N_E_1_1_french-eps-converted-to.pdf>
(epstopdf)                    date: 2015-11-10 11:45:56
(epstopdf)                    size: 117606 bytes
(epstopdf)             Command: <epstopdf --outfile=/Users/danielhurowitz/PROJ/
NEG/Figs/figs_for_paper/N_E_1_1_french-eps-converted-to.pdf /Users/danielhurowi
tz/PROJ/NEG/Figs/figs_for_paper/N_E_1_1_french.eps>
(epstopdf)             \includegraphics on input line 647.
Package epstopdf Info: Output file is already uptodate.

</Users/danielhurowitz/PROJ/NEG/Figs/figs_for_paper/N_E_1_1_french-eps-converte
d-to.pdf, id=289, 533.995pt x 438.63875pt>
File: /Users/danielhurowitz/PROJ/NEG/Figs/figs_for_paper/N_E_1_1_french-eps-con
verted-to.pdf Graphic file (type pdf)

<use /Users/danielhurowitz/PROJ/NEG/Figs/figs_for_paper/N_E_1_1_french-eps-conv
erted-to.pdf>
Package pdftex.def Info: /Users/danielhurowitz/PROJ/NEG/Figs/figs_for_paper/N_E
_1_1_french-eps-converted-to.pdf used on input line 647.
(pdftex.def)             Requested size: 173.1878pt x 142.26378pt.

Underfull \hbox (badness 10000) in paragraph at lines 680--687

 []


Underfull \hbox (badness 10000) in paragraph at lines 701--712

 []


Underfull \hbox (badness 10000) in paragraph at lines 722--729

 []


Underfull \hbox (badness 10000) in paragraph at lines 761--766

 []

Package epstopdf Info: Source file: </Users/danielhurowitz/PROJ/NEG/Figs/figs_f
or_paper/gRing_ES_vs_cont.eps>
(epstopdf)                    date: 2015-11-09 09:26:48
(epstopdf)                    size: 281678 bytes
(epstopdf)             Output file: </Users/danielhurowitz/PROJ/NEG/Figs/figs_f
or_paper/gRing_ES_vs_cont-eps-converted-to.pdf>
(epstopdf)                    date: 2015-11-09 09:27:03
(epstopdf)                    size: 92501 bytes
(epstopdf)             Command: <epstopdf --outfile=/Users/danielhurowitz/PROJ/
NEG/Figs/figs_for_paper/gRing_ES_vs_cont-eps-converted-to.pdf /Users/danielhuro
witz/PROJ/NEG/Figs/figs_for_paper/gRing_ES_vs_cont.eps>
(epstopdf)             \includegraphics on input line 774.
Package epstopdf Info: Output file is already uptodate.

</Users/danielhurowitz/PROJ/NEG/Figs/figs_for_paper/gRing_ES_vs_cont-eps-conver
ted-to.pdf, id=297, 530.98375pt x 413.545pt>
File: /Users/danielhurowitz/PROJ/NEG/Figs/figs_for_paper/gRing_ES_vs_cont-eps-c
onverted-to.pdf Graphic file (type pdf)

<use /Users/danielhurowitz/PROJ/NEG/Figs/figs_for_paper/gRing_ES_vs_cont-eps-co
nverted-to.pdf>
Package pdftex.def Info: /Users/danielhurowitz/PROJ/NEG/Figs/figs_for_paper/gRi
ng_ES_vs_cont-eps-converted-to.pdf used on input line 774.
(pdftex.def)             Requested size: 182.66295pt x 142.26378pt.

Underfull \hbox (badness 10000) in paragraph at lines 793--807

 []

[5 </Users/danielhurowitz/PROJ/NEG/Figs/figs_for_paper/N_E_1_1_french-eps-conve
rted-to.pdf>]

LaTeX Warning: A float is stuck (cannot be placed) on input line 807.


LaTeX Warning: A float is stuck (cannot be placed) on input line 807.


Class revtex4 Warning: Deferred float stuck during \clearpage processing.

(./neg_Nature.bbl
Underfull \hbox (badness 1107) in paragraph at lines 19--26
 []\OT1/ptm/m/n/9 Vaknin, A., Ovadyahu, Z. & Pol-lak, M.  Ag-ing ef-fects
 []


Underfull \hbox (badness 2644) in paragraph at lines 19--26
 \OT1/ptm/m/n/9 in an an-der-son in-su-la-tor.  \OT1/ptm/m/it/9 Phys. Rev. Lett
. \OT1/ptm/b/n/9 84\OT1/ptm/m/n/9 , 3402--
 []


Underfull \hbox (badness 5331) in paragraph at lines 28--36
 []\OT1/ptm/m/n/9 Amir, A., Oreg, Y. & Imry, Y.  Slow re-lax-ations
 []


Underfull \hbox (badness 1694) in paragraph at lines 28--36
 \OT1/ptm/m/n/9 and ag-ing in the elec-tron glass.  \OT1/ptm/m/it/9 Phys. Rev. 
Lett. \OT1/ptm/b/n/9 103\OT1/ptm/m/n/9 ,
 []


Underfull \hbox (badness 2469) in paragraph at lines 28--36
 \OT1/ptm/m/n/9 126403 (2009).  URL []$\OT1/cmtt/m/n/9 http : / / link . aps . 
org / doi / 10 .
 []


Underfull \hbox (badness 2680) in paragraph at lines 57--66
 \OT1/ptm/m/n/9 dom force field.  \OT1/ptm/m/it/9 An-nals of Physics \OT1/ptm/b
/n/9 201\OT1/ptm/m/n/9 , 285 -- 341
 []


Underfull \hbox (badness 3158) in paragraph at lines 68--76
 []\OT1/ptm/m/n/9 Bouchaud, J.-P. & Georges, A.  Anoma-lous dif-fu-sion
 []


Underfull \hbox (badness 1168) in paragraph at lines 68--76
 \OT1/ptm/m/n/9 in dis-or-dered me-dia: Sta-tis-ti-cal mech-a-nisms, mod-els an
d
 []


Underfull \hbox (badness 1546) in paragraph at lines 68--76
 \OT1/ptm/m/n/9 phys-i-cal ap-pli-ca-tions.  \OT1/ptm/m/it/9 Physics Re-ports \
OT1/ptm/b/n/9 195\OT1/ptm/m/n/9 , 127 -- 293
 []


Underfull \hbox (badness 1546) in paragraph at lines 78--83
 []\OT1/ptm/m/n/9 Nelson, D. R. & Shnerb, N. M.  Non-hermitian lo-cal-
 []

[6 </Users/danielhurowitz/PROJ/NEG/Figs/figs_for_paper/gRing_ES_vs_cont-eps-con
verted-to.pdf>]
Underfull \hbox (badness 2556) in paragraph at lines 93--99
 \OT1/ptm/m/n/9 mers and un-zip-ping dna.  \OT1/ptm/m/it/9 Phys. Rev. Lett. \OT
1/ptm/b/n/9 85\OT1/ptm/m/n/9 , 1572--
 []


Underfull \hbox (badness 1215) in paragraph at lines 133--138
 []\OT1/ptm/m/n/9 Hatano, N. & Nel-son, D. R.  Vor-tex pin-ning and non-
 []


Underfull \hbox (badness 1308) in paragraph at lines 133--138
 \OT1/ptm/m/n/9 hermitian quan-tum me-chan-ics.  \OT1/ptm/m/it/9 Phys. Rev. B \
OT1/ptm/b/n/9 56\OT1/ptm/m/n/9 , 8651--
 []


Underfull \hbox (badness 1314) in paragraph at lines 149--158
 []\OT1/ptm/m/n/9 Kafri, Y., Luben-sky, D. K. & Nel-son, D. R.  Dy-nam-
 []

)
Package atveryend Info: Empty hook `BeforeClearDocument' on input line 897.
Package atveryend Info: Empty hook `AfterLastShipout' on input line 897.
 [7] (./neg_Nature.aux)
Package atveryend Info: Executing hook `AtVeryEndDocument' on input line 897.
Package atveryend Info: Executing hook `AtEndAfterFileList' on input line 897.
Package rerunfilecheck Info: File `neg_Nature.out' has not changed.
(rerunfilecheck)             Checksum: F2F0DACEBAA887A6A36762E62EF2EB88;141.


LaTeX Font Warning: Size substitutions with differences
(Font)              up to 0.55997pt have occured.


LaTeX Warning: There were multiply-defined labels.

 ) 
Here is how much of TeX's memory you used:
 8306 strings out of 493089
 120293 string characters out of 6134842
 245828 words of memory out of 5000000
 11503 multiletter control sequences out of 15000+600000
 70938 words of font info for 171 fonts, out of 8000000 for 9000
 1141 hyphenation exceptions out of 8191
 42i,21n,28p,1382b,503s stack positions out of 5000i,500n,10000p,200000b,80000s
{/usr/local/texlive/2015/texmf-dist/fonts/enc/dvips/base/8r.enc}</usr/local/t
exlive/2015/texmf-dist/fonts/type1/public/amsfonts/cm/cmex10.pfb></usr/local/te
xlive/2015/texmf-dist/fonts/type1/public/amsfonts/cm/cmmi10.pfb></usr/local/tex
live/2015/texmf-dist/fonts/type1/public/amsfonts/cm/cmmib10.pfb></usr/local/tex
live/2015/texmf-dist/fonts/type1/public/amsfonts/cmextra/cmmib7.pfb></usr/local
/texlive/2015/texmf-dist/fonts/type1/public/amsfonts/cmextra/cmmib9.pfb></usr/l
ocal/texlive/2015/texmf-dist/fonts/type1/public/amsfonts/cm/cmr10.pfb></usr/loc
al/texlive/2015/texmf-dist/fonts/type1/public/amsfonts/cm/cmsy10.pfb></usr/loca
l/texlive/2015/texmf-dist/fonts/type1/public/amsfonts/cm/cmtt9.pfb></usr/local/
texlive/2015/texmf-dist/fonts/type1/public/amsfonts/symbols/msam10.pfb></usr/lo
cal/texlive/2015/texmf-dist/fonts/type1/public/amsfonts/symbols/msbm10.pfb></us
r/local/texlive/2015/texmf-dist/fonts/type1/public/rsfs/rsfs10.pfb></usr/local/
texlive/2015/texmf-dist/fonts/type1/public/txfonts/rtxmi.pfb></usr/local/texliv
e/2015/texmf-dist/fonts/type1/public/newtx/rtxmi7.pfb></usr/local/texlive/2015/
texmf-dist/fonts/type1/urw/symbol/usyr.pfb></usr/local/texlive/2015/texmf-dist/
fonts/type1/urw/symbol/usyr.pfb></usr/local/texlive/2015/texmf-dist/fonts/type1
/urw/times/utmb8a.pfb></usr/local/texlive/2015/texmf-dist/fonts/type1/urw/times
/utmbi8a.pfb></usr/local/texlive/2015/texmf-dist/fonts/type1/urw/times/utmr8a.p
fb></usr/local/texlive/2015/texmf-dist/fonts/type1/urw/times/utmri8a.pfb>
Output written on neg_Nature.pdf (7 pages, 1335885 bytes).
PDF statistics:
 498 PDF objects out of 1000 (max. 8388607)
 398 compressed objects within 4 object streams
 62 named destinations out of 1000 (max. 500000)
 90 words of extra memory for PDF output out of 10000 (max. 10000000)

