\BOOKMARK [0][-]{section*.1}{Percolation, sliding, localization and relaxation in glassy circuits}{}% 1
\BOOKMARK [1][-]{section*.2}{Stochastic spreading}{section*.1}% 2
\BOOKMARK [1][-]{section*.3}{Scope}{section*.1}% 3
\BOOKMARK [1][-]{section*.4}{Outline}{section*.1}% 4
\BOOKMARK [1][-]{section*.5}{Diffusion and relaxation}{section*.1}% 5
\BOOKMARK [1][-]{section*.6}{The secular equation}{section*.1}% 6
\BOOKMARK [1][-]{section*.7}{The real spectrum}{section*.1}% 7
\BOOKMARK [1][-]{section*.8}{Electrostatics}{section*.1}% 8
\BOOKMARK [1][-]{section*.9}{Determination of sc - white vs sparse disorder }{section*.1}% 9
\BOOKMARK [1][-]{section*.10}{Determination of sc for weak link}{section*.1}% 10
\BOOKMARK [1][-]{section*.11}{Complexity diminishes the real gap for s > s }{section*.1}% 11
\BOOKMARK [1][-]{section*.12}{Complexity saturation for s s }{section*.1}% 12
\BOOKMARK [1][-]{section*.13}{References}{section*.1}% 13
\BOOKMARK [1][-]{section*.14}{Acknowledgements}{section*.1}% 14
\BOOKMARK [1][-]{section*.15}{ Finding the sign of V'\(0\)}{section*.1}% 15
\BOOKMARK [1][-]{section*.16}{Sliding transition - the definition of s}{section*.1}% 16
\BOOKMARK [1][-]{section*.17}{ The similarity transformation \(definition of H\)}{section*.1}% 17
\BOOKMARK [1][-]{section*.18}{The formula for the spectral determinant}{section*.1}% 18
\BOOKMARK [1][-]{section*.19}{Clean ring}{section*.1}% 19
\BOOKMARK [1][-]{section*.20}{ Ring with weak link "g"}{section*.1}% 20
\BOOKMARK [2][-]{section*.21}{Ground state of associated hermitian problem}{section*.20}% 21
\BOOKMARK [2][-]{section*.22}{The spectrum}{section*.20}% 22
\BOOKMARK [2][-]{section*.23}{Proof the gap is finite}{section*.20}% 23
\BOOKMARK [1][-]{section*.24}{ Ring with single field defect}{section*.1}% 24
\BOOKMARK [1][-]{section*.25}{ Ring with sparse disorder}{section*.1}% 25
\BOOKMARK [1][-]{section*.26}{ Ring with white disorder \(”French”\) }{section*.1}% 26
\BOOKMARK [1][-]{section*.27}{ Step by step electrostatics}{section*.1}% 27
