\BOOKMARK [0][-]{section*.1}{Percolation, sliding, localization and relaxation in glassy circuits}{}% 1
\BOOKMARK [1][-]{section*.2}{Stochastic spreading}{section*.1}% 2
\BOOKMARK [1][-]{section*.3}{Scope}{section*.1}% 3
\BOOKMARK [1][-]{section*.4}{Outline}{section*.1}% 4
\BOOKMARK [1][-]{section*.5}{Diffusion and relaxation}{section*.1}% 5
\BOOKMARK [1][-]{section*.6}{The secular equation}{section*.1}% 6
\BOOKMARK [1][-]{section*.7}{The real spectrum}{section*.1}% 7
\BOOKMARK [1][-]{section*.8}{Electrostatics}{section*.1}% 8
\BOOKMARK [1][-]{section*.9}{Determination of sc - white vs sparse disorder }{section*.1}% 9
\BOOKMARK [1][-]{section*.10}{Complexity diminishes the real gap for s > s }{section*.1}% 10
\BOOKMARK [1][-]{section*.11}{Complexity saturation for s s }{section*.1}% 11
\BOOKMARK [1][-]{section*.12}{References}{section*.1}% 12
\BOOKMARK [1][-]{section*.13}{Acknowledgements}{section*.1}% 13
\BOOKMARK [2][-]{section*.14}{Appendix - Finding the sign of V'\(0\)}{section*.13}% 14
\BOOKMARK [2][-]{section*.15}{Sliding transition - the definition of s}{section*.13}% 15
\BOOKMARK [2][-]{section*.16}{ The similarity transformation \(definition of H\)}{section*.13}% 16
\BOOKMARK [2][-]{section*.17}{The formula for the spectral determinant}{section*.13}% 17
\BOOKMARK [2][-]{section*.18}{Clean ring}{section*.13}% 18
\BOOKMARK [2][-]{section*.19}{ Ring with weak link "g"}{section*.13}% 19
\BOOKMARK [2][-]{section*.20}{ Ring with sparse disorder}{section*.13}% 20
\BOOKMARK [2][-]{section*.21}{ Ring with white disorder \(”French”\) }{section*.13}% 21
\BOOKMARK [2][-]{section*.22}{ Step by step electrostatics}{section*.13}% 22
