\BOOKMARK [0][-]{section*.1}{Percolation, sliding, localization and relaxation in glassy circuits}{}% 1
\BOOKMARK [1][-]{section*.2}{Stochastic spreading}{section*.1}% 2
\BOOKMARK [1][-]{section*.3}{Scope}{section*.1}% 3
\BOOKMARK [1][-]{section*.4}{Outline}{section*.1}% 4
\BOOKMARK [1][-]{section*.5}{The secular equation}{section*.1}% 5
\BOOKMARK [1][-]{section*.6}{The real spectrum}{section*.1}% 6
\BOOKMARK [1][-]{section*.7}{Electrostatics}{section*.1}% 7
\BOOKMARK [1][-]{section*.8}{Determination of sc}{section*.1}% 8
\BOOKMARK [2][-]{section*.9}{Determination of sc - Random resistor network with uniform field}{section*.8}% 9
\BOOKMARK [2][-]{section*.10}{Determination of sc - white vs. sparse field disorder}{section*.8}% 10
\BOOKMARK [2][-]{section*.11}{Determination of sc - weak link}{section*.8}% 11
\BOOKMARK [1][-]{section*.12}{Complexity diminishes the real gap}{section*.1}% 12
\BOOKMARK [1][-]{section*.13}{Complexity saturation for s s }{section*.1}% 13
\BOOKMARK [1][-]{section*.14}{Discussion}{section*.1}% 14
\BOOKMARK [1][-]{section*.15}{References}{section*.1}% 15
\BOOKMARK [1][-]{section*.16}{Acknowledgements}{section*.1}% 16
\BOOKMARK [1][-]{section*.17}{ Finding the sign of V'\(0\)}{section*.1}% 17
\BOOKMARK [1][-]{section*.18}{Sliding transition - the definition of s}{section*.1}% 18
\BOOKMARK [1][-]{section*.19}{ The similarity transformation \(definition of H\)}{section*.1}% 19
\BOOKMARK [1][-]{section*.20}{The formula for the spectral determinant}{section*.1}% 20
\BOOKMARK [1][-]{section*.21}{Clean ring}{section*.1}% 21
\BOOKMARK [1][-]{section*.22}{Continuous ring}{section*.1}% 22
\BOOKMARK [1][-]{section*.23}{ Ring with weak link "g"}{section*.1}% 23
\BOOKMARK [2][-]{section*.24}{Ground state of associated hermitian problem, 1}{section*.23}% 24
\BOOKMARK [1][-]{section*.25}{ Ring with single field defect}{section*.1}% 25
\BOOKMARK [1][-]{section*.26}{ Ring with white disorder \(”French”\) }{section*.1}% 26
\BOOKMARK [1][-]{section*.27}{ Step by step electrostatics}{section*.1}% 27
