\BOOKMARK [2][-]{sect.1.2}{1. \040Introduction}{}% 1
\BOOKMARK [2][-]{sect.2.2}{2. \040The model, and main observations}{}% 2
\BOOKMARK [2][-]{sect.3.2}{3. \040Continuous models - general}{}% 3
\BOOKMARK [2][-]{sect.4.2}{4. \040Clean ring}{}% 4
\BOOKMARK [2][-]{sect.5.2}{5. \040Ring and scatterer}{}% 5
\BOOKMARK [2][-]{subsect.5.1.2}{ \040 \0405.1. \040The model}{}% 6
\BOOKMARK [2][-]{subsect.5.2.2}{ \040 \0405.2. \040The secular equation}{}% 7
\BOOKMARK [2][-]{subsect.5.3.2}{ \040 \0405.3. \040The spectrum}{}% 8
\BOOKMARK [2][-]{subsect.5.4.2}{ \040 \0405.4. \040Proof the gap is finite}{}% 9
\BOOKMARK [2][-]{sect.6.2}{6. \040Ring and }{}% 10
\BOOKMARK [2][-]{subsect.6.1.2}{ \040 \0406.1. \040The model}{}% 11
\BOOKMARK [2][-]{subsect.6.2.2}{ \040 \0406.2. \040The secular equation}{}% 12
\BOOKMARK [2][-]{subsect.6.3.2}{ \040 \0406.3. \040The spectrum}{}% 13
\BOOKMARK [2][-]{sect.7.2}{7. \040Tight binding models}{}% 14
\BOOKMARK [2][-]{subsect.7.1.2}{ \040 \0407.1. \040Tight binding clean ring}{}% 15
\BOOKMARK [2][-]{subsect.7.2.2}{ \040 \0407.2. \040Tight binding ring+g}{}% 16
\BOOKMARK [2][-]{subsect.7.3.2}{ \040 \0407.3. \040Tight binding ring + }{}% 17
\BOOKMARK [2][-]{subsect.7.4.2}{ \040 \0407.4. \040Tight binding ring + well}{}% 18
\BOOKMARK [2][-]{sect.8.2}{8. \040Tight binding with disorder}{}% 19
\BOOKMARK [2][-]{subsect.8.1.2}{ \040 \0408.1. \040The model}{}% 20
\BOOKMARK [2][-]{subsect.8.2.2}{ \040 \0408.2. \040Main observations}{}% 21
\BOOKMARK [2][-]{subsect.8.3.2}{ \040 \0408.3. \040Scaled affinity, cumulants of the stochastic field}{}% 22
\BOOKMARK [2][-]{subsect.8.4.2}{ \040 \0408.4. \040Algorithm for analysis}{}% 23
\BOOKMARK [2][-]{subsect.8.5.2}{ \040 \0408.5. \040Electrostatic analogy}{}% 24
\BOOKMARK [2][-]{subsect.8.6.2}{ \040 \0408.6. \040The Density of states of the associated Hermitian matrix}{}% 25
\BOOKMARK [2][-]{sect.9.2}{9. \040The spectrum of a disordered ring}{}% 26
\BOOKMARK [2][-]{subsect.9.1.2}{ \040 \0409.1. \040Large s \(weak disorder\)}{}% 27
\BOOKMARK [2][-]{subsect.9.2.2}{ \040 \0409.2. \040The complex gap - Generalization}{}% 28
\BOOKMARK [2][-]{subsect.9.3.2}{ \040 \0409.3. \040Small s \(strong disorder\)}{}% 29
\BOOKMARK [2][-]{subsect.9.4.2}{ \040 \0409.4. \040The Gap}{}% 30
\BOOKMARK [2][-]{sect.10.2}{10. \040Complexity saturation}{}% 31
\BOOKMARK [2][-]{subsect.10.1.2}{ \040 \04010.1. \040Estimating the fraction of complex eigenvalues}{}% 32
\BOOKMARK [2][-]{subsect.10.2.2}{ \040 \04010.2. \040Effect of glassiness on complexity saturation}{}% 33
\BOOKMARK [2][-]{sect.11.2}{11. \040Appendix: Secular equation for the clean ring}{}% 34
\BOOKMARK [2][-]{sect.12.2}{12. \040Appendix: Diffusion equation matching conditions }{}% 35
\BOOKMARK [2][-]{subsect.12.1.2}{ \040 \04012.1. \040Diffusive scatterer}{}% 36
\BOOKMARK [2][-]{subsect.12.2.2}{ \040 \04012.2. \040Jump in the velocity}{}% 37
\BOOKMARK [2][-]{sect.13.2}{13. \040Appendix: Secular equation for ring + g}{}% 38
\BOOKMARK [2][-]{sect.14.2}{14. \040Appendix: Secular equation for ring+}{}% 39
\BOOKMARK [2][-]{sect.15.2}{15. \040Appendix: Eigenvalue equation for disordered ring}{}% 40
\BOOKMARK [2][-]{sect.16.2}{16. \040Appendix: Anderson localization and Thouless}{}% 41
\BOOKMARK [2][-]{sect.17.2}{17. \040Interplay between resistor network and Sinai: Drift and diffusion}{}% 42
\BOOKMARK [2][-]{sect.18.2}{18. \040A more detailed analysis}{}% 43
\BOOKMARK [2][-]{sect.19.2}{19. \040The shape of g\(\)}{}% 44
\BOOKMARK [2][-]{sect.20.2}{20. \040Appendix: Summary of main results in [odh3]}{}% 45
